Using pre-set license
Built from '2021.2/staging' branch; Version is '2021.2.8f1 (d0e5f0a7b06a) revision 13690352'; Using compiler version '192829333'; Build Type 'Release'
OS: 'Windows 10  (10.0.19043) 64bit Core' Language: 'en' Physical Memory: 16319 MB
BatchMode: 1, IsHumanControllingUs: 0, StartBugReporterOnCrash: 0, Is64bit: 1, IsPro: 0

COMMAND LINE ARGUMENTS:
G:\OtherDrive\Programs\UnityHub\2021.2.8f1\Editor\Unity.exe
-adb2
-batchMode
-noUpm
-name
AssetImportWorker0
-projectPath
G:/OldWindows/Public/Documents/Unity Projects/Game Jam Project
-logFile
Logs/AssetImportWorker0.log
-srvPort
54945
Successfully changed project path to: G:/OldWindows/Public/Documents/Unity Projects/Game Jam Project
G:/OldWindows/Public/Documents/Unity Projects/Game Jam Project
[UnityMemory] Configuration Parameters - Can be set up in boot.config
    "memorysetup-bucket-allocator-granularity=16"
    "memorysetup-bucket-allocator-bucket-count=8"
    "memorysetup-bucket-allocator-block-size=33554432"
    "memorysetup-bucket-allocator-block-count=8"
    "memorysetup-main-allocator-block-size=16777216"
    "memorysetup-thread-allocator-block-size=16777216"
    "memorysetup-gfx-main-allocator-block-size=16777216"
    "memorysetup-gfx-thread-allocator-block-size=16777216"
    "memorysetup-cache-allocator-block-size=4194304"
    "memorysetup-typetree-allocator-block-size=2097152"
    "memorysetup-profiler-bucket-allocator-granularity=16"
    "memorysetup-profiler-bucket-allocator-bucket-count=8"
    "memorysetup-profiler-bucket-allocator-block-size=33554432"
    "memorysetup-profiler-bucket-allocator-block-count=8"
    "memorysetup-profiler-allocator-block-size=16777216"
    "memorysetup-profiler-editor-allocator-block-size=1048576"
    "memorysetup-temp-allocator-size-main=16777216"
    "memorysetup-job-temp-allocator-block-size=2097152"
    "memorysetup-job-temp-allocator-block-size-background=1048576"
    "memorysetup-job-temp-allocator-reduction-small-platforms=262144"
    "memorysetup-temp-allocator-size-background-worker=32768"
    "memorysetup-temp-allocator-size-job-worker=262144"
    "memorysetup-temp-allocator-size-preload-manager=33554432"
    "memorysetup-temp-allocator-size-nav-mesh-worker=65536"
    "memorysetup-temp-allocator-size-audio-worker=65536"
    "memorysetup-temp-allocator-size-cloud-worker=32768"
    "memorysetup-temp-allocator-size-gi-baking-worker=262144"
    "memorysetup-temp-allocator-size-gfx=262144"
Refreshing native plugins compatible for Editor in 127.48 ms, found 3 plugins.
Preloading 0 native plugins for Editor in 0.00 ms.
Initialize engine version: 2021.2.8f1 (d0e5f0a7b06a)
[Subsystems] Discovering subsystems at path G:/OtherDrive/Programs/UnityHub/2021.2.8f1/Editor/Data/Resources/UnitySubsystems
[Subsystems] Discovering subsystems at path G:/OldWindows/Public/Documents/Unity Projects/Game Jam Project/Assets
GfxDevice: creating device client; threaded=0; jobified=0
Direct3D:
    Version:  Direct3D 11.0 [level 11.1]
    Renderer: NVIDIA GeForce GTX 1070 (ID=0x1be1)
    Vendor:   NVIDIA
    VRAM:     8082 MB
    Driver:   27.21.14.6663
Initialize mono
Mono path[0] = 'G:/OtherDrive/Programs/UnityHub/2021.2.8f1/Editor/Data/Managed'
Mono path[1] = 'G:/OtherDrive/Programs/UnityHub/2021.2.8f1/Editor/Data/MonoBleedingEdge/lib/mono/unityjit-win32'
Mono config path = 'G:/OtherDrive/Programs/UnityHub/2021.2.8f1/Editor/Data/MonoBleedingEdge/etc'
Using monoOptions --debugger-agent=transport=dt_socket,embedding=1,server=y,suspend=n,address=127.0.0.1:56540
Begin MonoManager ReloadAssembly
Registering precompiled unity dll's ...
Register platform support module: G:/OtherDrive/Programs/UnityHub/2021.2.8f1/Editor/Data/PlaybackEngines/WindowsStandaloneSupport/UnityEditor.WindowsStandalone.Extensions.dll
Registered in 0.006824 seconds.
Native extension for WindowsStandalone target not found
Refreshing native plugins compatible for Editor in 111.50 ms, found 3 plugins.
Preloading 0 native plugins for Editor in 0.00 ms.
Mono: successfully reloaded assembly
- Completed reload, in  1.057 seconds
Domain Reload Profiling:
	ReloadAssembly (1057ms)
		BeginReloadAssembly (135ms)
			ExecutionOrderSort (0ms)
			DisableScriptedObjects (0ms)
			BackupInstance (0ms)
			ReleaseScriptingObjects (0ms)
			CreateAndSetChildDomain (1ms)
		EndReloadAssembly (801ms)
			LoadAssemblies (133ms)
			RebuildTransferFunctionScriptingTraits (0ms)
			SetupTypeCache (192ms)
			ReleaseScriptCaches (0ms)
			RebuildScriptCaches (55ms)
			SetupLoadedEditorAssemblies (469ms)
				LogAssemblyErrors (0ms)
				InitializePlatformSupportModulesInManaged (29ms)
				SetLoadedEditorAssemblies (0ms)
				RefreshPlugins (112ms)
				BeforeProcessingInitializeOnLoad (2ms)
				ProcessInitializeOnLoadAttributes (251ms)
				ProcessInitializeOnLoadMethodAttributes (75ms)
				AfterProcessingInitializeOnLoad (0ms)
				EditorAssembliesLoaded (0ms)
			ExecutionOrderSort2 (0ms)
			AwakeInstancesAfterBackupRestoration (0ms)
Platform modules already initialized, skipping
Registering precompiled user dll's ...
Registered in 0.007548 seconds.
Begin MonoManager ReloadAssembly
Symbol file LoadedFromMemory doesn't match image G:\OldWindows\Public\Documents\Unity Projects\Game Jam Project\Library\PackageCache\com.unity.visualscripting@1.7.6\Editor\VisualScripting.Core\Dependencies\YamlDotNet\Unity.VisualScripting.YamlDotNet.dll
Symbol file LoadedFromMemory is not a mono symbol file
Symbol file LoadedFromMemory doesn't match image G:\OldWindows\Public\Documents\Unity Projects\Game Jam Project\Library\PackageCache\com.unity.visualscripting@1.7.6\Editor\VisualScripting.Core\Dependencies\DotNetZip\Unity.VisualScripting.IonicZip.dll
Native extension for WindowsStandalone target not found
Refreshing native plugins compatible for Editor in 1.05 ms, found 3 plugins.
Preloading 0 native plugins for Editor in 0.00 ms.
Mono: successfully reloaded assembly
- Completed reload, in  1.887 seconds
Domain Reload Profiling:
	ReloadAssembly (1888ms)
		BeginReloadAssembly (219ms)
			ExecutionOrderSort (0ms)
			DisableScriptedObjects (14ms)
			BackupInstance (0ms)
			ReleaseScriptingObjects (0ms)
			CreateAndSetChildDomain (39ms)
		EndReloadAssembly (1499ms)
			LoadAssemblies (181ms)
			RebuildTransferFunctionScriptingTraits (0ms)
			SetupTypeCache (500ms)
			ReleaseScriptCaches (1ms)
			RebuildScriptCaches (106ms)
			SetupLoadedEditorAssemblies (650ms)
				LogAssemblyErrors (0ms)
				InitializePlatformSupportModulesInManaged (25ms)
				SetLoadedEditorAssemblies (1ms)
				RefreshPlugins (1ms)
				BeforeProcessingInitializeOnLoad (132ms)
				ProcessInitializeOnLoadAttributes (439ms)
				ProcessInitializeOnLoadMethodAttributes (43ms)
				AfterProcessingInitializeOnLoad (10ms)
				EditorAssembliesLoaded (0ms)
			ExecutionOrderSort2 (0ms)
			AwakeInstancesAfterBackupRestoration (10ms)
Platform modules already initialized, skipping
========================================================================
Worker process is ready to serve import requests
Launched and connected shader compiler UnityShaderCompiler.exe after 0.19 seconds
Refreshing native plugins compatible for Editor in 0.77 ms, found 3 plugins.
Preloading 0 native plugins for Editor in 0.00 ms.
Unloading 3255 Unused Serialized files (Serialized files now loaded: 0)
Unloading 24 unused Assets / (0.5 MB). Loaded Objects now: 3736.
Memory consumption went from 129.6 MB to 129.1 MB.
Total: 6.276200 ms (FindLiveObjects: 0.487500 ms CreateObjectMapping: 0.483300 ms MarkObjects: 4.678200 ms  DeleteObjects: 0.624300 ms)

AssetImportParameters requested are different than current active one (requested -> active):
  custom:video-decoder-ogg-theora: a1e56fd34408186e4bbccfd4996cb3dc -> 
  custom:container-muxer-webm: aa71ff27fc2769a1b78a27578f13a17b -> 
  custom:container-demuxer-webm: 4f35f7cbe854078d1ac9338744f61a02 -> 
  custom:video-encoder-webm-vp8: eb34c28f22e8b96e1ab97ce403110664 -> 
  custom:audio-encoder-webm-vorbis: bf7c407c2cedff20999df2af8eb42d56 -> 
  custom:framework-win-MediaFoundation: 216162199b28c13a410421893ffa2e32 -> 
  custom:container-demuxer-ogg: 62fdf1f143b41e24485cea50d1cbac27 -> 
  custom:video-decoder-webm-vp8: 9c59270c3fd7afecdb556c50c9e8de78 -> 
  custom:audio-decoder-ogg-vorbis: bf7c407c2cedff20999df2af8eb42d56 -> 
========================================================================
Received Import Request.
  Time since last request: 895210.336976 seconds.
  path: Assets/Scenes/Loser.unity
  artifactKey: Guid(2374bc2d7fbe8be449f4890e5d1eff2f) Importer(815301076,1909f56bfc062723c751e8b465ee728b)
Start importing Assets/Scenes/Loser.unity using Guid(2374bc2d7fbe8be449f4890e5d1eff2f) Importer(815301076,1909f56bfc062723c751e8b465ee728b)  -> (artifact id: '0332c56d3bff5c643b8783f5e5c607b7') in 0.037963 seconds 
========================================================================
Received Import Request.
  Time since last request: 12.239014 seconds.
  path: Assets/AFPC/Scenes/AFPC Overview.unity
  artifactKey: Guid(9475068ea321d473ca9c7f0de73eb2b0) Importer(815301076,1909f56bfc062723c751e8b465ee728b)
Start importing Assets/AFPC/Scenes/AFPC Overview.unity using Guid(9475068ea321d473ca9c7f0de73eb2b0) Importer(815301076,1909f56bfc062723c751e8b465ee728b)  -> (artifact id: '21ef82eae0c0fa3bde4a07cee9c9f9ce') in 0.016448 seconds 
========================================================================
Received Import Request.
  Time since last request: 36.487243 seconds.
  path: Assets/Scripts/ZombieAI.cs
  artifactKey: Guid(46fbcf43fdabf7f4a8e6fc2c9c685958) Importer(815301076,1909f56bfc062723c751e8b465ee728b)
Start importing Assets/Scripts/ZombieAI.cs using Guid(46fbcf43fdabf7f4a8e6fc2c9c685958) Importer(815301076,1909f56bfc062723c751e8b465ee728b)  -> (artifact id: 'de99ee718002e6b32bc4ab17bc1e23b8') in 0.207714 seconds 
========================================================================
Received Import Request.
  Time since last request: 0.310692 seconds.
  path: Assets/Scripts/ZombieAttack.cs
  artifactKey: Guid(7e3be0752c7a5bb4ea9f887027604a06) Importer(815301076,1909f56bfc062723c751e8b465ee728b)
Start importing Assets/Scripts/ZombieAttack.cs using Guid(7e3be0752c7a5bb4ea9f887027604a06) Importer(815301076,1909f56bfc062723c751e8b465ee728b)  -> (artifact id: '24a90420d62a6bd3d6c6954b86f743ba') in 0.012767 seconds 
========================================================================
Received Import Request.
  Time since last request: 354.183584 seconds.
  path: Assets/Models/Zombie Variant.prefab
  artifactKey: Guid(d84510452ad9c5d41ba75de764ce4a95) Importer(815301076,1909f56bfc062723c751e8b465ee728b)
Start importing Assets/Models/Zombie Variant.prefab using Guid(d84510452ad9c5d41ba75de764ce4a95) Importer(815301076,1909f56bfc062723c751e8b465ee728b)  -> (artifact id: '91e20a53f3ee699956b5a1865bd2831b') in 0.889559 seconds 
========================================================================
Received Prepare
Registering precompiled user dll's ...
Registered in 0.005876 seconds.
Begin MonoManager ReloadAssembly
Symbol file LoadedFromMemory doesn't match image G:\OldWindows\Public\Documents\Unity Projects\Game Jam Project\Library\PackageCache\com.unity.visualscripting@1.7.6\Editor\VisualScripting.Core\Dependencies\YamlDotNet\Unity.VisualScripting.YamlDotNet.dll
Symbol file LoadedFromMemory is not a mono symbol file
Symbol file LoadedFromMemory doesn't match image G:\OldWindows\Public\Documents\Unity Projects\Game Jam Project\Library\PackageCache\com.unity.visualscripting@1.7.6\Editor\VisualScripting.Core\Dependencies\DotNetZip\Unity.VisualScripting.IonicZip.dll
Native extension for WindowsStandalone target not found
Refreshing native plugins compatible for Editor in 0.93 ms, found 3 plugins.
Preloading 0 native plugins for Editor in 0.00 ms.
Mono: successfully reloaded assembly
- Completed reload, in  1.439 seconds
Domain Reload Profiling:
	ReloadAssembly (1440ms)
		BeginReloadAssembly (196ms)
			ExecutionOrderSort (0ms)
			DisableScriptedObjects (6ms)
			BackupInstance (0ms)
			ReleaseScriptingObjects (0ms)
			CreateAndSetChildDomain (52ms)
		EndReloadAssembly (1129ms)
			LoadAssemblies (120ms)
			RebuildTransferFunctionScriptingTraits (0ms)
			SetupTypeCache (376ms)
			ReleaseScriptCaches (2ms)
			RebuildScriptCaches (66ms)
			SetupLoadedEditorAssemblies (484ms)
				LogAssemblyErrors (0ms)
				InitializePlatformSupportModulesInManaged (24ms)
				SetLoadedEditorAssemblies (1ms)
				RefreshPlugins (1ms)
				BeforeProcessingInitializeOnLoad (108ms)
				ProcessInitializeOnLoadAttributes (295ms)
				ProcessInitializeOnLoadMethodAttributes (48ms)
				AfterProcessingInitializeOnLoad (7ms)
				EditorAssembliesLoaded (0ms)
			ExecutionOrderSort2 (0ms)
			AwakeInstancesAfterBackupRestoration (13ms)
Platform modules already initialized, skipping
Refreshing native plugins compatible for Editor in 1.34 ms, found 3 plugins.
Preloading 0 native plugins for Editor in 0.00 ms.
Unloading 3233 Unused Serialized files (Serialized files now loaded: 0)
Unloading 19 unused Assets / (0.5 MB). Loaded Objects now: 3746.
Memory consumption went from 144.0 MB to 143.5 MB.
Total: 5.131200 ms (FindLiveObjects: 0.374700 ms CreateObjectMapping: 0.306800 ms MarkObjects: 4.098600 ms  DeleteObjects: 0.349000 ms)

AssetImportParameters requested are different than current active one (requested -> active):
  custom:video-decoder-ogg-theora: a1e56fd34408186e4bbccfd4996cb3dc -> 
  custom:container-muxer-webm: aa71ff27fc2769a1b78a27578f13a17b -> 
  custom:container-demuxer-webm: 4f35f7cbe854078d1ac9338744f61a02 -> 
  custom:video-encoder-webm-vp8: eb34c28f22e8b96e1ab97ce403110664 -> 
  custom:audio-encoder-webm-vorbis: bf7c407c2cedff20999df2af8eb42d56 -> 
  custom:framework-win-MediaFoundation: 216162199b28c13a410421893ffa2e32 -> 
  custom:container-demuxer-ogg: 62fdf1f143b41e24485cea50d1cbac27 -> 
  custom:video-decoder-webm-vp8: 9c59270c3fd7afecdb556c50c9e8de78 -> 
  custom:audio-decoder-ogg-vorbis: bf7c407c2cedff20999df2af8eb42d56 -> 
========================================================================
Received Import Request.
  Time since last request: 18.270026 seconds.
  path: Assets/Models/Zombie Variant.prefab
  artifactKey: Guid(d84510452ad9c5d41ba75de764ce4a95) Importer(815301076,1909f56bfc062723c751e8b465ee728b)
Start importing Assets/Models/Zombie Variant.prefab using Guid(d84510452ad9c5d41ba75de764ce4a95) Importer(815301076,1909f56bfc062723c751e8b465ee728b)  -> (artifact id: '8f0e5d74608652b187106e4a7628dd1a') in 0.137436 seconds 
========================================================================
Received Import Request.
  Time since last request: 167.644691 seconds.
  path: Assets/Tybug Studios
  artifactKey: Guid(b102b50d0c61c414e8c93ca184bd67db) Importer(815301076,1909f56bfc062723c751e8b465ee728b)
Start importing Assets/Tybug Studios using Guid(b102b50d0c61c414e8c93ca184bd67db) Importer(815301076,1909f56bfc062723c751e8b465ee728b)  -> (artifact id: '7ca84a43b4279075366496cb619cfd61') in 0.043357 seconds 
========================================================================
Received Import Request.
  Time since last request: 0.769238 seconds.
  path: Assets/Tybug Studios/Zombie Voice Pack - Free
  artifactKey: Guid(6cf4900949ed6e444a13f9713aa9108b) Importer(815301076,1909f56bfc062723c751e8b465ee728b)
Start importing Assets/Tybug Studios/Zombie Voice Pack - Free using Guid(6cf4900949ed6e444a13f9713aa9108b) Importer(815301076,1909f56bfc062723c751e8b465ee728b)  -> (artifact id: 'b178ba80294b89894947e3b78068d065') in 0.014153 seconds 
========================================================================
Received Import Request.
  Time since last request: 1.234392 seconds.
  path: Assets/Tybug Studios/Zombie Voice Pack - Free/Zombie Aggressive
  artifactKey: Guid(1a558715a99359f488a5224508d9e5bc) Importer(815301076,1909f56bfc062723c751e8b465ee728b)
Start importing Assets/Tybug Studios/Zombie Voice Pack - Free/Zombie Aggressive using Guid(1a558715a99359f488a5224508d9e5bc) Importer(815301076,1909f56bfc062723c751e8b465ee728b)  -> (artifact id: 'd13cba0d7ef040d5613a4d059d8d9ba2') in 0.019828 seconds 
========================================================================
Received Import Request.
  Time since last request: 0.987712 seconds.
  path: Assets/Tybug Studios/Zombie Voice Pack - Free/Zombie Chase
  artifactKey: Guid(3b36347b18cb73a4e9fd607e943dcebf) Importer(815301076,1909f56bfc062723c751e8b465ee728b)
Start importing Assets/Tybug Studios/Zombie Voice Pack - Free/Zombie Chase using Guid(3b36347b18cb73a4e9fd607e943dcebf) Importer(815301076,1909f56bfc062723c751e8b465ee728b)  -> (artifact id: '4dce80594da37e8ff30ed16f497b8701') in 0.035224 seconds 
========================================================================
Received Import Request.
  Time since last request: 0.706754 seconds.
  path: Assets/Tybug Studios/Zombie Voice Pack - Free/Zombie Death
  artifactKey: Guid(64558dad8b40231449102ffbaf273d5e) Importer(815301076,1909f56bfc062723c751e8b465ee728b)
Start importing Assets/Tybug Studios/Zombie Voice Pack - Free/Zombie Death using Guid(64558dad8b40231449102ffbaf273d5e) Importer(815301076,1909f56bfc062723c751e8b465ee728b)  -> (artifact id: '7a4f84ea052b645137283319890d9ef2') in 0.025096 seconds 
========================================================================
Received Import Request.
  Time since last request: 0.594648 seconds.
  path: Assets/Tybug Studios/Zombie Voice Pack - Free/Zombie Growl
  artifactKey: Guid(ebfd44ff83ca9a94cbf6e5335f09043d) Importer(815301076,1909f56bfc062723c751e8b465ee728b)
Start importing Assets/Tybug Studios/Zombie Voice Pack - Free/Zombie Growl using Guid(ebfd44ff83ca9a94cbf6e5335f09043d) Importer(815301076,1909f56bfc062723c751e8b465ee728b)  -> (artifact id: '8d21e924eb04cdce9bc0da43af03b005') in 0.019868 seconds 
========================================================================
Received Import Request.
  Time since last request: 0.464235 seconds.
  path: Assets/Tybug Studios/Zombie Voice Pack - Free/Zombie Grunt
  artifactKey: Guid(6e8e1426c21f83d4681f52c8ed05ce23) Importer(815301076,1909f56bfc062723c751e8b465ee728b)
Start importing Assets/Tybug Studios/Zombie Voice Pack - Free/Zombie Grunt using Guid(6e8e1426c21f83d4681f52c8ed05ce23) Importer(815301076,1909f56bfc062723c751e8b465ee728b)  -> (artifact id: '59e309e4b5693e513a3c73fbe8c8b633') in 0.011487 seconds 
========================================================================
Received Import Request.
  Time since last request: 0.532274 seconds.
  path: Assets/Tybug Studios/Zombie Voice Pack - Free/Zombie Hiss
  artifactKey: Guid(d6e80c6a687091644abc112dd494f1cb) Importer(815301076,1909f56bfc062723c751e8b465ee728b)
Start importing Assets/Tybug Studios/Zombie Voice Pack - Free/Zombie Hiss using Guid(d6e80c6a687091644abc112dd494f1cb) Importer(815301076,1909f56bfc062723c751e8b465ee728b)  -> (artifact id: '2b4c241c06a1533b9d807f214f466647') in 0.093081 seconds 
========================================================================
Received Import Request.
  Time since last request: 0.302604 seconds.
  path: Assets/Tybug Studios/Zombie Voice Pack - Free/Zombie Moan
  artifactKey: Guid(88860407e70d7644f8444a318e274461) Importer(815301076,1909f56bfc062723c751e8b465ee728b)
Start importing Assets/Tybug Studios/Zombie Voice Pack - Free/Zombie Moan using Guid(88860407e70d7644f8444a318e274461) Importer(815301076,1909f56bfc062723c751e8b465ee728b)  -> (artifact id: 'a09e11552200bded4c6d0c6e90ebb3b4') in 0.014231 seconds 
========================================================================
Received Import Request.
  Time since last request: 0.951911 seconds.
  path: Assets/Tybug Studios/Zombie Voice Pack - Free/Zombie Chase/zombie_hyperchase_1_loop.wav
  artifactKey: Guid(e1e7f406c66d0c34f94726e83f3b5cbd) Importer(815301076,1909f56bfc062723c751e8b465ee728b)
Start importing Assets/Tybug Studios/Zombie Voice Pack - Free/Zombie Chase/zombie_hyperchase_1_loop.wav using Guid(e1e7f406c66d0c34f94726e83f3b5cbd) Importer(815301076,1909f56bfc062723c751e8b465ee728b)  -> (artifact id: 'e3853465dbe03528ce10052f85576910') in 0.123115 seconds 
========================================================================
Received Import Request.
  Time since last request: 5.970768 seconds.
  path: Assets/Tybug Studios/Zombie Voice Pack - Free/Zombie Aggressive/zombie_agressive_039.wav
  artifactKey: Guid(bc2baab908f1b004691a6ecf7044f61c) Importer(815301076,1909f56bfc062723c751e8b465ee728b)
Start importing Assets/Tybug Studios/Zombie Voice Pack - Free/Zombie Aggressive/zombie_agressive_039.wav using Guid(bc2baab908f1b004691a6ecf7044f61c) Importer(815301076,1909f56bfc062723c751e8b465ee728b)  -> (artifact id: 'ecaa7698dbadb2fc00d8817588df82c7') in 0.024053 seconds 
========================================================================
Received Import Request.
  Time since last request: 7.964641 seconds.
  path: Assets/Tybug Studios/Zombie Voice Pack - Free/Zombie Moan/zombie_moan_001.wav
  artifactKey: Guid(ceb2474913e8b5e40b17213af473d784) Importer(815301076,1909f56bfc062723c751e8b465ee728b)
Start importing Assets/Tybug Studios/Zombie Voice Pack - Free/Zombie Moan/zombie_moan_001.wav using Guid(ceb2474913e8b5e40b17213af473d784) Importer(815301076,1909f56bfc062723c751e8b465ee728b)  -> (artifact id: '6a9a3a28904479594f8bc088ae796461') in 0.020623 seconds 
========================================================================
Received Import Request.
  Time since last request: 3.198129 seconds.
  path: Assets/Tybug Studios/Zombie Voice Pack - Free/Zombie Grunt/zombie_grunt_006.wav
  artifactKey: Guid(b771cd0787c16e64e8e8ba11c3c83734) Importer(815301076,1909f56bfc062723c751e8b465ee728b)
Start importing Assets/Tybug Studios/Zombie Voice Pack - Free/Zombie Grunt/zombie_grunt_006.wav using Guid(b771cd0787c16e64e8e8ba11c3c83734) Importer(815301076,1909f56bfc062723c751e8b465ee728b)  -> (artifact id: '291d79c5cdfea30bfc0fa6c19893ee21') in 0.035190 seconds 
========================================================================
Received Import Request.
  Time since last request: 3.754323 seconds.
  path: Assets/Tybug Studios/Zombie Voice Pack - Free/Zombie Death/zombie_death_004.wav
  artifactKey: Guid(9df77b70cadc8384ca073a95aebc666f) Importer(815301076,1909f56bfc062723c751e8b465ee728b)
Start importing Assets/Tybug Studios/Zombie Voice Pack - Free/Zombie Death/zombie_death_004.wav using Guid(9df77b70cadc8384ca073a95aebc666f) Importer(815301076,1909f56bfc062723c751e8b465ee728b)  -> (artifact id: 'b1c49cf1bee001e7280402cb3e109327') in 0.040373 seconds 
========================================================================
Received Import Request.
  Time since last request: 10.300789 seconds.
  path: Assets/Tybug Studios/Zombie Voice Pack - Free/Zombie Growl/zombie_growl_010.wav
  artifactKey: Guid(ebb96c703224744479e6294bd49515d9) Importer(815301076,1909f56bfc062723c751e8b465ee728b)
Start importing Assets/Tybug Studios/Zombie Voice Pack - Free/Zombie Growl/zombie_growl_010.wav using Guid(ebb96c703224744479e6294bd49515d9) Importer(815301076,1909f56bfc062723c751e8b465ee728b)  -> (artifact id: 'c8cbfacda9c17f4d3d8f4fcafc361ef3') in 0.042535 seconds 
========================================================================
Received Prepare
Registering precompiled user dll's ...
Registered in 0.006131 seconds.
Begin MonoManager ReloadAssembly
Symbol file LoadedFromMemory doesn't match image G:\OldWindows\Public\Documents\Unity Projects\Game Jam Project\Library\PackageCache\com.unity.visualscripting@1.7.6\Editor\VisualScripting.Core\Dependencies\YamlDotNet\Unity.VisualScripting.YamlDotNet.dll
Symbol file LoadedFromMemory is not a mono symbol file
Symbol file LoadedFromMemory doesn't match image G:\OldWindows\Public\Documents\Unity Projects\Game Jam Project\Library\PackageCache\com.unity.visualscripting@1.7.6\Editor\VisualScripting.Core\Dependencies\DotNetZip\Unity.VisualScripting.IonicZip.dll
Native extension for WindowsStandalone target not found
Refreshing native plugins compatible for Editor in 0.64 ms, found 3 plugins.
Preloading 0 native plugins for Editor in 0.00 ms.
Mono: successfully reloaded assembly
- Completed reload, in  1.326 seconds
Domain Reload Profiling:
	ReloadAssembly (1327ms)
		BeginReloadAssembly (193ms)
			ExecutionOrderSort (0ms)
			DisableScriptedObjects (9ms)
			BackupInstance (0ms)
			ReleaseScriptingObjects (0ms)
			CreateAndSetChildDomain (55ms)
		EndReloadAssembly (1012ms)
			LoadAssemblies (134ms)
			RebuildTransferFunctionScriptingTraits (0ms)
			SetupTypeCache (349ms)
			ReleaseScriptCaches (2ms)
			RebuildScriptCaches (62ms)
			SetupLoadedEditorAssemblies (422ms)
				LogAssemblyErrors (0ms)
				InitializePlatformSupportModulesInManaged (17ms)
				SetLoadedEditorAssemblies (1ms)
				RefreshPlugins (1ms)
				BeforeProcessingInitializeOnLoad (84ms)
				ProcessInitializeOnLoadAttributes (276ms)
				ProcessInitializeOnLoadMethodAttributes (38ms)
				AfterProcessingInitializeOnLoad (5ms)
				EditorAssembliesLoaded (0ms)
			ExecutionOrderSort2 (0ms)
			AwakeInstancesAfterBackupRestoration (9ms)
Platform modules already initialized, skipping
Refreshing native plugins compatible for Editor in 0.61 ms, found 3 plugins.
Preloading 0 native plugins for Editor in 0.00 ms.
Unloading 3233 Unused Serialized files (Serialized files now loaded: 0)
Unloading 19 unused Assets / (496.5 KB). Loaded Objects now: 3751.
Memory consumption went from 144.1 MB to 143.6 MB.
Total: 3.586300 ms (FindLiveObjects: 0.306700 ms CreateObjectMapping: 0.299400 ms MarkObjects: 2.653600 ms  DeleteObjects: 0.325500 ms)

AssetImportParameters requested are different than current active one (requested -> active):
  custom:video-decoder-ogg-theora: a1e56fd34408186e4bbccfd4996cb3dc -> 
  custom:container-muxer-webm: aa71ff27fc2769a1b78a27578f13a17b -> 
  custom:container-demuxer-webm: 4f35f7cbe854078d1ac9338744f61a02 -> 
  custom:video-encoder-webm-vp8: eb34c28f22e8b96e1ab97ce403110664 -> 
  custom:audio-encoder-webm-vorbis: bf7c407c2cedff20999df2af8eb42d56 -> 
  custom:framework-win-MediaFoundation: 216162199b28c13a410421893ffa2e32 -> 
  custom:container-demuxer-ogg: 62fdf1f143b41e24485cea50d1cbac27 -> 
  custom:video-decoder-webm-vp8: 9c59270c3fd7afecdb556c50c9e8de78 -> 
  custom:audio-decoder-ogg-vorbis: bf7c407c2cedff20999df2af8eb42d56 -> 
========================================================================
Received Import Request.
  Time since last request: 199.686984 seconds.
  path: Assets/Models/Zombie Variant.prefab
  artifactKey: Guid(d84510452ad9c5d41ba75de764ce4a95) Importer(815301076,1909f56bfc062723c751e8b465ee728b)
Start importing Assets/Models/Zombie Variant.prefab using Guid(d84510452ad9c5d41ba75de764ce4a95) Importer(815301076,1909f56bfc062723c751e8b465ee728b)  -> (artifact id: '5b3abc853a5f5cae7ee3acca23bb4e79') in 0.112356 seconds 
========================================================================
Received Import Request.
  Time since last request: 11.938680 seconds.
  path: Assets/Models/Zombie Variant.prefab
  artifactKey: Guid(d84510452ad9c5d41ba75de764ce4a95) Importer(815301076,1909f56bfc062723c751e8b465ee728b)
Start importing Assets/Models/Zombie Variant.prefab using Guid(d84510452ad9c5d41ba75de764ce4a95) Importer(815301076,1909f56bfc062723c751e8b465ee728b)  -> (artifact id: 'a37faac9de6a0f2619137e129badc74f') in 0.037869 seconds 
========================================================================
Received Import Request.
  Time since last request: 8.049609 seconds.
  path: Assets/Models/Zombie Variant.prefab
  artifactKey: Guid(d84510452ad9c5d41ba75de764ce4a95) Importer(815301076,1909f56bfc062723c751e8b465ee728b)
Start importing Assets/Models/Zombie Variant.prefab using Guid(d84510452ad9c5d41ba75de764ce4a95) Importer(815301076,1909f56bfc062723c751e8b465ee728b)  -> (artifact id: '286befe4862d41848b4393e0b46bace2') in 0.033045 seconds 
========================================================================
Received Import Request.
  Time since last request: 53.511730 seconds.
  path: Assets/Models/Zombie Variant.prefab
  artifactKey: Guid(d84510452ad9c5d41ba75de764ce4a95) Importer(815301076,1909f56bfc062723c751e8b465ee728b)
Start importing Assets/Models/Zombie Variant.prefab using Guid(d84510452ad9c5d41ba75de764ce4a95) Importer(815301076,1909f56bfc062723c751e8b465ee728b)  -> (artifact id: '9fc41455f1cd51d381f3dfddc53621c4') in 0.031943 seconds 
========================================================================
Received Import Request.
  Time since last request: 11.194930 seconds.
  path: Assets/Models/Zombie Variant.prefab
  artifactKey: Guid(d84510452ad9c5d41ba75de764ce4a95) Importer(815301076,1909f56bfc062723c751e8b465ee728b)
Start importing Assets/Models/Zombie Variant.prefab using Guid(d84510452ad9c5d41ba75de764ce4a95) Importer(815301076,1909f56bfc062723c751e8b465ee728b)  -> (artifact id: '2c8419611bb81a8d9509d65bf324be67') in 0.026731 seconds 
========================================================================
Received Prepare
Registering precompiled user dll's ...
Registered in 0.005491 seconds.
Begin MonoManager ReloadAssembly
Symbol file LoadedFromMemory doesn't match image G:\OldWindows\Public\Documents\Unity Projects\Game Jam Project\Library\PackageCache\com.unity.visualscripting@1.7.6\Editor\VisualScripting.Core\Dependencies\YamlDotNet\Unity.VisualScripting.YamlDotNet.dll
Symbol file LoadedFromMemory is not a mono symbol file
Symbol file LoadedFromMemory doesn't match image G:\OldWindows\Public\Documents\Unity Projects\Game Jam Project\Library\PackageCache\com.unity.visualscripting@1.7.6\Editor\VisualScripting.Core\Dependencies\DotNetZip\Unity.VisualScripting.IonicZip.dll
Native extension for WindowsStandalone target not found
Refreshing native plugins compatible for Editor in 1.04 ms, found 3 plugins.
Preloading 0 native plugins for Editor in 0.00 ms.
Mono: successfully reloaded assembly
- Completed reload, in  1.317 seconds
Domain Reload Profiling:
	ReloadAssembly (1318ms)
		BeginReloadAssembly (178ms)
			ExecutionOrderSort (0ms)
			DisableScriptedObjects (6ms)
			BackupInstance (0ms)
			ReleaseScriptingObjects (0ms)
			CreateAndSetChildDomain (49ms)
		EndReloadAssembly (1020ms)
			LoadAssemblies (128ms)
			RebuildTransferFunctionScriptingTraits (0ms)
			SetupTypeCache (327ms)
			ReleaseScriptCaches (1ms)
			RebuildScriptCaches (56ms)
			SetupLoadedEditorAssemblies (429ms)
				LogAssemblyErrors (0ms)
				InitializePlatformSupportModulesInManaged (16ms)
				SetLoadedEditorAssemblies (1ms)
				RefreshPlugins (1ms)
				BeforeProcessingInitializeOnLoad (90ms)
				ProcessInitializeOnLoadAttributes (280ms)
				ProcessInitializeOnLoadMethodAttributes (36ms)
				AfterProcessingInitializeOnLoad (5ms)
				EditorAssembliesLoaded (0ms)
			ExecutionOrderSort2 (0ms)
			AwakeInstancesAfterBackupRestoration (12ms)
Platform modules already initialized, skipping
Refreshing native plugins compatible for Editor in 0.76 ms, found 3 plugins.
Preloading 0 native plugins for Editor in 0.00 ms.
Unloading 3233 Unused Serialized files (Serialized files now loaded: 0)
Unloading 19 unused Assets / (496.3 KB). Loaded Objects now: 3754.
Memory consumption went from 144.1 MB to 143.6 MB.
Total: 4.386300 ms (FindLiveObjects: 0.400400 ms CreateObjectMapping: 0.306000 ms MarkObjects: 3.335900 ms  DeleteObjects: 0.342200 ms)

AssetImportParameters requested are different than current active one (requested -> active):
  custom:video-decoder-ogg-theora: a1e56fd34408186e4bbccfd4996cb3dc -> 
  custom:container-muxer-webm: aa71ff27fc2769a1b78a27578f13a17b -> 
  custom:container-demuxer-webm: 4f35f7cbe854078d1ac9338744f61a02 -> 
  custom:video-encoder-webm-vp8: eb34c28f22e8b96e1ab97ce403110664 -> 
  custom:audio-encoder-webm-vorbis: bf7c407c2cedff20999df2af8eb42d56 -> 
  custom:framework-win-MediaFoundation: 216162199b28c13a410421893ffa2e32 -> 
  custom:container-demuxer-ogg: 62fdf1f143b41e24485cea50d1cbac27 -> 
  custom:video-decoder-webm-vp8: 9c59270c3fd7afecdb556c50c9e8de78 -> 
  custom:audio-decoder-ogg-vorbis: bf7c407c2cedff20999df2af8eb42d56 -> 
========================================================================
Received Import Request.
  Time since last request: 6.569368 seconds.
  path: Assets/Models/Zombie Variant.prefab
  artifactKey: Guid(d84510452ad9c5d41ba75de764ce4a95) Importer(815301076,1909f56bfc062723c751e8b465ee728b)
Start importing Assets/Models/Zombie Variant.prefab using Guid(d84510452ad9c5d41ba75de764ce4a95) Importer(815301076,1909f56bfc062723c751e8b465ee728b)  -> (artifact id: '21eb7176502db07bd24f5f8891795b77') in 0.173922 seconds 
========================================================================
Received Import Request.
  Time since last request: 191.942729 seconds.
  path: Assets/Models/Zombie Variant.prefab
  artifactKey: Guid(d84510452ad9c5d41ba75de764ce4a95) Importer(815301076,1909f56bfc062723c751e8b465ee728b)
Start importing Assets/Models/Zombie Variant.prefab using Guid(d84510452ad9c5d41ba75de764ce4a95) Importer(815301076,1909f56bfc062723c751e8b465ee728b)  -> (artifact id: '2c6eaed2fa03cb06ae4958df05a92b2e') in 0.026835 seconds 
========================================================================
Received Prepare
Registering precompiled user dll's ...
Registered in 0.007946 seconds.
Begin MonoManager ReloadAssembly
Symbol file LoadedFromMemory doesn't match image G:\OldWindows\Public\Documents\Unity Projects\Game Jam Project\Library\PackageCache\com.unity.visualscripting@1.7.6\Editor\VisualScripting.Core\Dependencies\YamlDotNet\Unity.VisualScripting.YamlDotNet.dll
Symbol file LoadedFromMemory is not a mono symbol file
Symbol file LoadedFromMemory doesn't match image G:\OldWindows\Public\Documents\Unity Projects\Game Jam Project\Library\PackageCache\com.unity.visualscripting@1.7.6\Editor\VisualScripting.Core\Dependencies\DotNetZip\Unity.VisualScripting.IonicZip.dll
Native extension for WindowsStandalone target not found
Refreshing native plugins compatible for Editor in 1.69 ms, found 3 plugins.
Preloading 0 native plugins for Editor in 0.00 ms.
Mono: successfully reloaded assembly
- Completed reload, in  1.431 seconds
Domain Reload Profiling:
	ReloadAssembly (1431ms)
		BeginReloadAssembly (197ms)
			ExecutionOrderSort (0ms)
			DisableScriptedObjects (6ms)
			BackupInstance (0ms)
			ReleaseScriptingObjects (0ms)
			CreateAndSetChildDomain (57ms)
		EndReloadAssembly (1105ms)
			LoadAssemblies (146ms)
			RebuildTransferFunctionScriptingTraits (0ms)
			SetupTypeCache (364ms)
			ReleaseScriptCaches (1ms)
			RebuildScriptCaches (71ms)
			SetupLoadedEditorAssemblies (472ms)
				LogAssemblyErrors (0ms)
				InitializePlatformSupportModulesInManaged (19ms)
				SetLoadedEditorAssemblies (1ms)
				RefreshPlugins (2ms)
				BeforeProcessingInitializeOnLoad (94ms)
				ProcessInitializeOnLoadAttributes (324ms)
				ProcessInitializeOnLoadMethodAttributes (27ms)
				AfterProcessingInitializeOnLoad (5ms)
				EditorAssembliesLoaded (0ms)
			ExecutionOrderSort2 (0ms)
			AwakeInstancesAfterBackupRestoration (11ms)
Platform modules already initialized, skipping
Refreshing native plugins compatible for Editor in 0.85 ms, found 3 plugins.
Preloading 0 native plugins for Editor in 0.00 ms.
Unloading 3233 Unused Serialized files (Serialized files now loaded: 0)
Unloading 19 unused Assets / (496.2 KB). Loaded Objects now: 3757.
Memory consumption went from 144.1 MB to 143.6 MB.
Total: 6.115800 ms (FindLiveObjects: 0.520400 ms CreateObjectMapping: 0.458300 ms MarkObjects: 4.588400 ms  DeleteObjects: 0.546900 ms)

AssetImportParameters requested are different than current active one (requested -> active):
  custom:video-decoder-ogg-theora: a1e56fd34408186e4bbccfd4996cb3dc -> 
  custom:container-muxer-webm: aa71ff27fc2769a1b78a27578f13a17b -> 
  custom:container-demuxer-webm: 4f35f7cbe854078d1ac9338744f61a02 -> 
  custom:video-encoder-webm-vp8: eb34c28f22e8b96e1ab97ce403110664 -> 
  custom:audio-encoder-webm-vorbis: bf7c407c2cedff20999df2af8eb42d56 -> 
  custom:framework-win-MediaFoundation: 216162199b28c13a410421893ffa2e32 -> 
  custom:container-demuxer-ogg: 62fdf1f143b41e24485cea50d1cbac27 -> 
  custom:video-decoder-webm-vp8: 9c59270c3fd7afecdb556c50c9e8de78 -> 
  custom:audio-decoder-ogg-vorbis: bf7c407c2cedff20999df2af8eb42d56 -> 
========================================================================
Received Import Request.
  Time since last request: 7.093354 seconds.
  path: Assets/Models/Zombie Variant.prefab
  artifactKey: Guid(d84510452ad9c5d41ba75de764ce4a95) Importer(815301076,1909f56bfc062723c751e8b465ee728b)
Start importing Assets/Models/Zombie Variant.prefab using Guid(d84510452ad9c5d41ba75de764ce4a95) Importer(815301076,1909f56bfc062723c751e8b465ee728b)  -> (artifact id: 'd642fbf203ae9a71b43fcab80f36b209') in 0.119228 seconds 
========================================================================
Received Import Request.
  Time since last request: 5.736128 seconds.
  path: Assets/Tybug Studios/Zombie Voice Pack - Free/Zombie Hiss/zombie_hiss_010.wav
  artifactKey: Guid(168c9a5ac7025814ea9c89e5098a3cad) Importer(815301076,1909f56bfc062723c751e8b465ee728b)
Start importing Assets/Tybug Studios/Zombie Voice Pack - Free/Zombie Hiss/zombie_hiss_010.wav using Guid(168c9a5ac7025814ea9c89e5098a3cad) Importer(815301076,1909f56bfc062723c751e8b465ee728b)  -> (artifact id: 'afa888cbd3d7d7ce5420772609b4eeb4') in 0.030153 seconds 
========================================================================
Received Import Request.
  Time since last request: 6.167059 seconds.
  path: Assets/Models/Zombie Variant.prefab
  artifactKey: Guid(d84510452ad9c5d41ba75de764ce4a95) Importer(815301076,1909f56bfc062723c751e8b465ee728b)
Start importing Assets/Models/Zombie Variant.prefab using Guid(d84510452ad9c5d41ba75de764ce4a95) Importer(815301076,1909f56bfc062723c751e8b465ee728b)  -> (artifact id: 'c241d56441b7eb8dcfbe9a91399d6720') in 0.034640 seconds 
========================================================================
Received Import Request.
  Time since last request: 5.011697 seconds.
  path: Assets/Models/Zombie Variant.prefab
  artifactKey: Guid(d84510452ad9c5d41ba75de764ce4a95) Importer(815301076,1909f56bfc062723c751e8b465ee728b)
Start importing Assets/Models/Zombie Variant.prefab using Guid(d84510452ad9c5d41ba75de764ce4a95) Importer(815301076,1909f56bfc062723c751e8b465ee728b)  -> (artifact id: 'db4bf76ea299ca1fafc59d5e8a7be1f1') in 0.029205 seconds 
========================================================================
Received Import Request.
  Time since last request: 1.501139 seconds.
  path: Assets/Models/Zombie Variant.prefab
  artifactKey: Guid(d84510452ad9c5d41ba75de764ce4a95) Importer(815301076,1909f56bfc062723c751e8b465ee728b)
Start importing Assets/Models/Zombie Variant.prefab using Guid(d84510452ad9c5d41ba75de764ce4a95) Importer(815301076,1909f56bfc062723c751e8b465ee728b)  -> (artifact id: '43087f51b5cdfb7dd15d0fe7afad70ba') in 0.027346 seconds 
========================================================================
Received Import Request.
  Time since last request: 2.780666 seconds.
  path: Assets/Models/Zombie Variant.prefab
  artifactKey: Guid(d84510452ad9c5d41ba75de764ce4a95) Importer(815301076,1909f56bfc062723c751e8b465ee728b)
Start importing Assets/Models/Zombie Variant.prefab using Guid(d84510452ad9c5d41ba75de764ce4a95) Importer(815301076,1909f56bfc062723c751e8b465ee728b)  -> (artifact id: '6d11c67167993eb4ed736cbd44d3db91') in 0.029400 seconds 
========================================================================
Received Import Request.
  Time since last request: 2.161589 seconds.
  path: Assets/Models/Zombie Variant.prefab
  artifactKey: Guid(d84510452ad9c5d41ba75de764ce4a95) Importer(815301076,1909f56bfc062723c751e8b465ee728b)
Start importing Assets/Models/Zombie Variant.prefab using Guid(d84510452ad9c5d41ba75de764ce4a95) Importer(815301076,1909f56bfc062723c751e8b465ee728b)  -> (artifact id: '4ea1530a47cef621f2300d58e145c2b7') in 0.034700 seconds 
========================================================================
Received Import Request.
  Time since last request: 4.505625 seconds.
  path: Assets/Models/Zombie Variant.prefab
  artifactKey: Guid(d84510452ad9c5d41ba75de764ce4a95) Importer(815301076,1909f56bfc062723c751e8b465ee728b)
Start importing Assets/Models/Zombie Variant.prefab using Guid(d84510452ad9c5d41ba75de764ce4a95) Importer(815301076,1909f56bfc062723c751e8b465ee728b)  -> (artifact id: 'a7a58ef110c5811f77669f990bf9f0b0') in 0.034836 seconds 
========================================================================
Received Import Request.
  Time since last request: 3.237253 seconds.
  path: Assets/Models/Zombie Variant.prefab
  artifactKey: Guid(d84510452ad9c5d41ba75de764ce4a95) Importer(815301076,1909f56bfc062723c751e8b465ee728b)
Start importing Assets/Models/Zombie Variant.prefab using Guid(d84510452ad9c5d41ba75de764ce4a95) Importer(815301076,1909f56bfc062723c751e8b465ee728b)  -> (artifact id: 'ad8c286e6fcb69968676ce9cfa190783') in 0.029957 seconds 
========================================================================
Received Import Request.
  Time since last request: 2.134532 seconds.
  path: Assets/Models/Zombie Variant.prefab
  artifactKey: Guid(d84510452ad9c5d41ba75de764ce4a95) Importer(815301076,1909f56bfc062723c751e8b465ee728b)
Start importing Assets/Models/Zombie Variant.prefab using Guid(d84510452ad9c5d41ba75de764ce4a95) Importer(815301076,1909f56bfc062723c751e8b465ee728b)  -> (artifact id: 'a4b844a456b8aaadc134da8236b8ccab') in 0.033766 seconds 
========================================================================
Received Import Request.
  Time since last request: 1.654943 seconds.
  path: Assets/Models/Zombie Variant.prefab
  artifactKey: Guid(d84510452ad9c5d41ba75de764ce4a95) Importer(815301076,1909f56bfc062723c751e8b465ee728b)
Start importing Assets/Models/Zombie Variant.prefab using Guid(d84510452ad9c5d41ba75de764ce4a95) Importer(815301076,1909f56bfc062723c751e8b465ee728b)  -> (artifact id: '7962395c316bd3250a1d112ea31a8018') in 0.027907 seconds 
========================================================================
Received Import Request.
  Time since last request: 2.297261 seconds.
  path: Assets/Models/Zombie Variant.prefab
  artifactKey: Guid(d84510452ad9c5d41ba75de764ce4a95) Importer(815301076,1909f56bfc062723c751e8b465ee728b)
Start importing Assets/Models/Zombie Variant.prefab using Guid(d84510452ad9c5d41ba75de764ce4a95) Importer(815301076,1909f56bfc062723c751e8b465ee728b)  -> (artifact id: '12c7935f5f8566ea2605c6b75e12baef') in 0.028737 seconds 
========================================================================
Received Import Request.
  Time since last request: 2.076137 seconds.
  path: Assets/Models/Zombie Variant.prefab
  artifactKey: Guid(d84510452ad9c5d41ba75de764ce4a95) Importer(815301076,1909f56bfc062723c751e8b465ee728b)
Start importing Assets/Models/Zombie Variant.prefab using Guid(d84510452ad9c5d41ba75de764ce4a95) Importer(815301076,1909f56bfc062723c751e8b465ee728b)  -> (artifact id: '0fd60e945293958b2e279c28bcef8012') in 0.029687 seconds 
========================================================================
Received Import Request.
  Time since last request: 1.904151 seconds.
  path: Assets/Models/Zombie Variant.prefab
  artifactKey: Guid(d84510452ad9c5d41ba75de764ce4a95) Importer(815301076,1909f56bfc062723c751e8b465ee728b)
Start importing Assets/Models/Zombie Variant.prefab using Guid(d84510452ad9c5d41ba75de764ce4a95) Importer(815301076,1909f56bfc062723c751e8b465ee728b)  -> (artifact id: '233cff5bb7916a6e53cc86ddbcf213cf') in 0.032716 seconds 
========================================================================
Received Import Request.
  Time since last request: 36.190718 seconds.
  path: Assets/Models/Zombie Variant.prefab
  artifactKey: Guid(d84510452ad9c5d41ba75de764ce4a95) Importer(815301076,1909f56bfc062723c751e8b465ee728b)
Start importing Assets/Models/Zombie Variant.prefab using Guid(d84510452ad9c5d41ba75de764ce4a95) Importer(815301076,1909f56bfc062723c751e8b465ee728b)  -> (artifact id: '60a217ff503f2e85429eea3d80a3ecab') in 0.036051 seconds 
========================================================================
Received Import Request.
  Time since last request: 1.972942 seconds.
  path: Assets/Models/Zombie Variant.prefab
  artifactKey: Guid(d84510452ad9c5d41ba75de764ce4a95) Importer(815301076,1909f56bfc062723c751e8b465ee728b)
Start importing Assets/Models/Zombie Variant.prefab using Guid(d84510452ad9c5d41ba75de764ce4a95) Importer(815301076,1909f56bfc062723c751e8b465ee728b)  -> (artifact id: '0e259b697c61f61e9b778958ca8b6f52') in 0.038481 seconds 
========================================================================
Received Prepare
Registering precompiled user dll's ...
Registered in 0.005534 seconds.
Begin MonoManager ReloadAssembly
Symbol file LoadedFromMemory doesn't match image G:\OldWindows\Public\Documents\Unity Projects\Game Jam Project\Library\PackageCache\com.unity.visualscripting@1.7.6\Editor\VisualScripting.Core\Dependencies\YamlDotNet\Unity.VisualScripting.YamlDotNet.dll
Symbol file LoadedFromMemory is not a mono symbol file
Symbol file LoadedFromMemory doesn't match image G:\OldWindows\Public\Documents\Unity Projects\Game Jam Project\Library\PackageCache\com.unity.visualscripting@1.7.6\Editor\VisualScripting.Core\Dependencies\DotNetZip\Unity.VisualScripting.IonicZip.dll
Native extension for WindowsStandalone target not found
Refreshing native plugins compatible for Editor in 0.90 ms, found 3 plugins.
Preloading 0 native plugins for Editor in 0.00 ms.
Mono: successfully reloaded assembly
- Completed reload, in  1.295 seconds
Domain Reload Profiling:
	ReloadAssembly (1296ms)
		BeginReloadAssembly (185ms)
			ExecutionOrderSort (0ms)
			DisableScriptedObjects (6ms)
			BackupInstance (0ms)
			ReleaseScriptingObjects (0ms)
			CreateAndSetChildDomain (51ms)
		EndReloadAssembly (994ms)
			LoadAssemblies (129ms)
			RebuildTransferFunctionScriptingTraits (0ms)
			SetupTypeCache (335ms)
			ReleaseScriptCaches (2ms)
			RebuildScriptCaches (65ms)
			SetupLoadedEditorAssemblies (416ms)
				LogAssemblyErrors (0ms)
				InitializePlatformSupportModulesInManaged (16ms)
				SetLoadedEditorAssemblies (1ms)
				RefreshPlugins (1ms)
				BeforeProcessingInitializeOnLoad (68ms)
				ProcessInitializeOnLoadAttributes (297ms)
				ProcessInitializeOnLoadMethodAttributes (29ms)
				AfterProcessingInitializeOnLoad (4ms)
				EditorAssembliesLoaded (0ms)
			ExecutionOrderSort2 (0ms)
			AwakeInstancesAfterBackupRestoration (9ms)
Platform modules already initialized, skipping
Refreshing native plugins compatible for Editor in 1.06 ms, found 3 plugins.
Preloading 0 native plugins for Editor in 0.00 ms.
Unloading 3233 Unused Serialized files (Serialized files now loaded: 0)
Unloading 19 unused Assets / (496.3 KB). Loaded Objects now: 3760.
Memory consumption went from 144.2 MB to 143.8 MB.
Total: 3.484700 ms (FindLiveObjects: 0.318000 ms CreateObjectMapping: 0.223500 ms MarkObjects: 2.608500 ms  DeleteObjects: 0.333400 ms)

AssetImportParameters requested are different than current active one (requested -> active):
  custom:video-decoder-ogg-theora: a1e56fd34408186e4bbccfd4996cb3dc -> 
  custom:container-muxer-webm: aa71ff27fc2769a1b78a27578f13a17b -> 
  custom:container-demuxer-webm: 4f35f7cbe854078d1ac9338744f61a02 -> 
  custom:video-encoder-webm-vp8: eb34c28f22e8b96e1ab97ce403110664 -> 
  custom:audio-encoder-webm-vorbis: bf7c407c2cedff20999df2af8eb42d56 -> 
  custom:framework-win-MediaFoundation: 216162199b28c13a410421893ffa2e32 -> 
  custom:container-demuxer-ogg: 62fdf1f143b41e24485cea50d1cbac27 -> 
  custom:video-decoder-webm-vp8: 9c59270c3fd7afecdb556c50c9e8de78 -> 
  custom:audio-decoder-ogg-vorbis: bf7c407c2cedff20999df2af8eb42d56 -> 
========================================================================
Received Import Request.
  Time since last request: 81.739819 seconds.
  path: Assets/Models/Zombie Variant.prefab
  artifactKey: Guid(d84510452ad9c5d41ba75de764ce4a95) Importer(815301076,1909f56bfc062723c751e8b465ee728b)
Start importing Assets/Models/Zombie Variant.prefab using Guid(d84510452ad9c5d41ba75de764ce4a95) Importer(815301076,1909f56bfc062723c751e8b465ee728b)  -> (artifact id: '58f114a184f4939eee4d6e6dc175c57d') in 0.120252 seconds 
========================================================================
Received Prepare
Registering precompiled user dll's ...
Registered in 0.005436 seconds.
Begin MonoManager ReloadAssembly
Symbol file LoadedFromMemory doesn't match image G:\OldWindows\Public\Documents\Unity Projects\Game Jam Project\Library\PackageCache\com.unity.visualscripting@1.7.6\Editor\VisualScripting.Core\Dependencies\YamlDotNet\Unity.VisualScripting.YamlDotNet.dll
Symbol file LoadedFromMemory is not a mono symbol file
Symbol file LoadedFromMemory doesn't match image G:\OldWindows\Public\Documents\Unity Projects\Game Jam Project\Library\PackageCache\com.unity.visualscripting@1.7.6\Editor\VisualScripting.Core\Dependencies\DotNetZip\Unity.VisualScripting.IonicZip.dll
Native extension for WindowsStandalone target not found
Refreshing native plugins compatible for Editor in 0.61 ms, found 3 plugins.
Preloading 0 native plugins for Editor in 0.00 ms.
Mono: successfully reloaded assembly
- Completed reload, in  1.298 seconds
Domain Reload Profiling:
	ReloadAssembly (1299ms)
		BeginReloadAssembly (178ms)
			ExecutionOrderSort (0ms)
			DisableScriptedObjects (6ms)
			BackupInstance (0ms)
			ReleaseScriptingObjects (0ms)
			CreateAndSetChildDomain (52ms)
		EndReloadAssembly (983ms)
			LoadAssemblies (130ms)
			RebuildTransferFunctionScriptingTraits (0ms)
			SetupTypeCache (318ms)
			ReleaseScriptCaches (2ms)
			RebuildScriptCaches (58ms)
			SetupLoadedEditorAssemblies (416ms)
				LogAssemblyErrors (0ms)
				InitializePlatformSupportModulesInManaged (18ms)
				SetLoadedEditorAssemblies (1ms)
				RefreshPlugins (1ms)
				BeforeProcessingInitializeOnLoad (97ms)
				ProcessInitializeOnLoadAttributes (265ms)
				ProcessInitializeOnLoadMethodAttributes (29ms)
				AfterProcessingInitializeOnLoad (5ms)
				EditorAssembliesLoaded (0ms)
			ExecutionOrderSort2 (0ms)
			AwakeInstancesAfterBackupRestoration (8ms)
Platform modules already initialized, skipping
Refreshing native plugins compatible for Editor in 1.04 ms, found 3 plugins.
Preloading 0 native plugins for Editor in 0.00 ms.
Unloading 3233 Unused Serialized files (Serialized files now loaded: 0)
Unloading 19 unused Assets / (488.5 KB). Loaded Objects now: 3763.
Memory consumption went from 144.3 MB to 143.8 MB.
Total: 4.208400 ms (FindLiveObjects: 0.345200 ms CreateObjectMapping: 0.215800 ms MarkObjects: 3.304300 ms  DeleteObjects: 0.341900 ms)

AssetImportParameters requested are different than current active one (requested -> active):
  custom:video-decoder-ogg-theora: a1e56fd34408186e4bbccfd4996cb3dc -> 
  custom:container-muxer-webm: aa71ff27fc2769a1b78a27578f13a17b -> 
  custom:container-demuxer-webm: 4f35f7cbe854078d1ac9338744f61a02 -> 
  custom:video-encoder-webm-vp8: eb34c28f22e8b96e1ab97ce403110664 -> 
  custom:audio-encoder-webm-vorbis: bf7c407c2cedff20999df2af8eb42d56 -> 
  custom:framework-win-MediaFoundation: 216162199b28c13a410421893ffa2e32 -> 
  custom:container-demuxer-ogg: 62fdf1f143b41e24485cea50d1cbac27 -> 
  custom:video-decoder-webm-vp8: 9c59270c3fd7afecdb556c50c9e8de78 -> 
  custom:audio-decoder-ogg-vorbis: bf7c407c2cedff20999df2af8eb42d56 -> 
========================================================================
Received Prepare
Registering precompiled user dll's ...
Registered in 0.005615 seconds.
Begin MonoManager ReloadAssembly
Symbol file LoadedFromMemory doesn't match image G:\OldWindows\Public\Documents\Unity Projects\Game Jam Project\Library\PackageCache\com.unity.visualscripting@1.7.6\Editor\VisualScripting.Core\Dependencies\YamlDotNet\Unity.VisualScripting.YamlDotNet.dll
Symbol file LoadedFromMemory is not a mono symbol file
Symbol file LoadedFromMemory doesn't match image G:\OldWindows\Public\Documents\Unity Projects\Game Jam Project\Library\PackageCache\com.unity.visualscripting@1.7.6\Editor\VisualScripting.Core\Dependencies\DotNetZip\Unity.VisualScripting.IonicZip.dll
Native extension for WindowsStandalone target not found
Refreshing native plugins compatible for Editor in 0.92 ms, found 3 plugins.
Preloading 0 native plugins for Editor in 0.00 ms.
Mono: successfully reloaded assembly
- Completed reload, in  1.229 seconds
Domain Reload Profiling:
	ReloadAssembly (1231ms)
		BeginReloadAssembly (165ms)
			ExecutionOrderSort (0ms)
			DisableScriptedObjects (7ms)
			BackupInstance (0ms)
			ReleaseScriptingObjects (0ms)
			CreateAndSetChildDomain (38ms)
		EndReloadAssembly (948ms)
			LoadAssemblies (115ms)
			RebuildTransferFunctionScriptingTraits (0ms)
			SetupTypeCache (341ms)
			ReleaseScriptCaches (2ms)
			RebuildScriptCaches (47ms)
			SetupLoadedEditorAssemblies (398ms)
				LogAssemblyErrors (0ms)
				InitializePlatformSupportModulesInManaged (16ms)
				SetLoadedEditorAssemblies (1ms)
				RefreshPlugins (1ms)
				BeforeProcessingInitializeOnLoad (78ms)
				ProcessInitializeOnLoadAttributes (271ms)
				ProcessInitializeOnLoadMethodAttributes (27ms)
				AfterProcessingInitializeOnLoad (4ms)
				EditorAssembliesLoaded (0ms)
			ExecutionOrderSort2 (0ms)
			AwakeInstancesAfterBackupRestoration (9ms)
Platform modules already initialized, skipping
Refreshing native plugins compatible for Editor in 0.64 ms, found 3 plugins.
Preloading 0 native plugins for Editor in 0.00 ms.
Unloading 3233 Unused Serialized files (Serialized files now loaded: 0)
Unloading 19 unused Assets / (496.1 KB). Loaded Objects now: 3766.
Memory consumption went from 144.3 MB to 143.8 MB.
Total: 3.835400 ms (FindLiveObjects: 0.302000 ms CreateObjectMapping: 0.247500 ms MarkObjects: 2.941700 ms  DeleteObjects: 0.342900 ms)

AssetImportParameters requested are different than current active one (requested -> active):
  custom:video-decoder-ogg-theora: a1e56fd34408186e4bbccfd4996cb3dc -> 
  custom:container-muxer-webm: aa71ff27fc2769a1b78a27578f13a17b -> 
  custom:container-demuxer-webm: 4f35f7cbe854078d1ac9338744f61a02 -> 
  custom:video-encoder-webm-vp8: eb34c28f22e8b96e1ab97ce403110664 -> 
  custom:audio-encoder-webm-vorbis: bf7c407c2cedff20999df2af8eb42d56 -> 
  custom:framework-win-MediaFoundation: 216162199b28c13a410421893ffa2e32 -> 
  custom:container-demuxer-ogg: 62fdf1f143b41e24485cea50d1cbac27 -> 
  custom:video-decoder-webm-vp8: 9c59270c3fd7afecdb556c50c9e8de78 -> 
  custom:audio-decoder-ogg-vorbis: bf7c407c2cedff20999df2af8eb42d56 -> 
========================================================================
Received Import Request.
  Time since last request: 52.213740 seconds.
  path: Assets/Models/Zombie Variant.prefab
  artifactKey: Guid(d84510452ad9c5d41ba75de764ce4a95) Importer(815301076,1909f56bfc062723c751e8b465ee728b)
Start importing Assets/Models/Zombie Variant.prefab using Guid(d84510452ad9c5d41ba75de764ce4a95) Importer(815301076,1909f56bfc062723c751e8b465ee728b)  -> (artifact id: 'e1ec488ac1998b984dadf48560239746') in 0.137512 seconds 
========================================================================
Received Prepare
Registering precompiled user dll's ...
Registered in 0.006217 seconds.
Begin MonoManager ReloadAssembly
Symbol file LoadedFromMemory doesn't match image G:\OldWindows\Public\Documents\Unity Projects\Game Jam Project\Library\PackageCache\com.unity.visualscripting@1.7.6\Editor\VisualScripting.Core\Dependencies\YamlDotNet\Unity.VisualScripting.YamlDotNet.dll
Symbol file LoadedFromMemory is not a mono symbol file
Symbol file LoadedFromMemory doesn't match image G:\OldWindows\Public\Documents\Unity Projects\Game Jam Project\Library\PackageCache\com.unity.visualscripting@1.7.6\Editor\VisualScripting.Core\Dependencies\DotNetZip\Unity.VisualScripting.IonicZip.dll
Native extension for WindowsStandalone target not found
Refreshing native plugins compatible for Editor in 1.41 ms, found 3 plugins.
Preloading 0 native plugins for Editor in 0.00 ms.
Mono: successfully reloaded assembly
- Completed reload, in  1.361 seconds
Domain Reload Profiling:
	ReloadAssembly (1362ms)
		BeginReloadAssembly (170ms)
			ExecutionOrderSort (0ms)
			DisableScriptedObjects (7ms)
			BackupInstance (0ms)
			ReleaseScriptingObjects (0ms)
			CreateAndSetChildDomain (50ms)
		EndReloadAssembly (1068ms)
			LoadAssemblies (118ms)
			RebuildTransferFunctionScriptingTraits (0ms)
			SetupTypeCache (354ms)
			ReleaseScriptCaches (1ms)
			RebuildScriptCaches (67ms)
			SetupLoadedEditorAssemblies (467ms)
				LogAssemblyErrors (0ms)
				InitializePlatformSupportModulesInManaged (17ms)
				SetLoadedEditorAssemblies (1ms)
				RefreshPlugins (2ms)
				BeforeProcessingInitializeOnLoad (113ms)
				ProcessInitializeOnLoadAttributes (303ms)
				ProcessInitializeOnLoadMethodAttributes (28ms)
				AfterProcessingInitializeOnLoad (4ms)
				EditorAssembliesLoaded (0ms)
			ExecutionOrderSort2 (0ms)
			AwakeInstancesAfterBackupRestoration (8ms)
Platform modules already initialized, skipping
Refreshing native plugins compatible for Editor in 0.72 ms, found 3 plugins.
Preloading 0 native plugins for Editor in 0.00 ms.
Unloading 3233 Unused Serialized files (Serialized files now loaded: 0)
Unloading 19 unused Assets / (496.7 KB). Loaded Objects now: 3769.
Memory consumption went from 144.2 MB to 143.7 MB.
Total: 3.979900 ms (FindLiveObjects: 0.346800 ms CreateObjectMapping: 0.263800 ms MarkObjects: 2.791200 ms  DeleteObjects: 0.576700 ms)

AssetImportParameters requested are different than current active one (requested -> active):
  custom:video-decoder-ogg-theora: a1e56fd34408186e4bbccfd4996cb3dc -> 
  custom:container-muxer-webm: aa71ff27fc2769a1b78a27578f13a17b -> 
  custom:container-demuxer-webm: 4f35f7cbe854078d1ac9338744f61a02 -> 
  custom:video-encoder-webm-vp8: eb34c28f22e8b96e1ab97ce403110664 -> 
  custom:audio-encoder-webm-vorbis: bf7c407c2cedff20999df2af8eb42d56 -> 
  custom:framework-win-MediaFoundation: 216162199b28c13a410421893ffa2e32 -> 
  custom:container-demuxer-ogg: 62fdf1f143b41e24485cea50d1cbac27 -> 
  custom:video-decoder-webm-vp8: 9c59270c3fd7afecdb556c50c9e8de78 -> 
  custom:audio-decoder-ogg-vorbis: bf7c407c2cedff20999df2af8eb42d56 -> 
========================================================================
Received Import Request.
  Time since last request: 6.192771 seconds.
  path: Assets/Models/Zombie Variant.prefab
  artifactKey: Guid(d84510452ad9c5d41ba75de764ce4a95) Importer(815301076,1909f56bfc062723c751e8b465ee728b)
Start importing Assets/Models/Zombie Variant.prefab using Guid(d84510452ad9c5d41ba75de764ce4a95) Importer(815301076,1909f56bfc062723c751e8b465ee728b)  -> (artifact id: 'aa8b186b90ee02b09e53de2c49fdc434') in 0.130257 seconds 
========================================================================
Received Prepare
Registering precompiled user dll's ...
Registered in 0.005896 seconds.
Begin MonoManager ReloadAssembly
Symbol file LoadedFromMemory doesn't match image G:\OldWindows\Public\Documents\Unity Projects\Game Jam Project\Library\PackageCache\com.unity.visualscripting@1.7.6\Editor\VisualScripting.Core\Dependencies\YamlDotNet\Unity.VisualScripting.YamlDotNet.dll
Symbol file LoadedFromMemory is not a mono symbol file
Symbol file LoadedFromMemory doesn't match image G:\OldWindows\Public\Documents\Unity Projects\Game Jam Project\Library\PackageCache\com.unity.visualscripting@1.7.6\Editor\VisualScripting.Core\Dependencies\DotNetZip\Unity.VisualScripting.IonicZip.dll
Native extension for WindowsStandalone target not found
Refreshing native plugins compatible for Editor in 0.61 ms, found 3 plugins.
Preloading 0 native plugins for Editor in 0.00 ms.
Mono: successfully reloaded assembly
- Completed reload, in  1.345 seconds
Domain Reload Profiling:
	ReloadAssembly (1346ms)
		BeginReloadAssembly (176ms)
			ExecutionOrderSort (0ms)
			DisableScriptedObjects (7ms)
			BackupInstance (0ms)
			ReleaseScriptingObjects (0ms)
			CreateAndSetChildDomain (44ms)
		EndReloadAssembly (1017ms)
			LoadAssemblies (136ms)
			RebuildTransferFunctionScriptingTraits (0ms)
			SetupTypeCache (368ms)
			ReleaseScriptCaches (1ms)
			RebuildScriptCaches (68ms)
			SetupLoadedEditorAssemblies (399ms)
				LogAssemblyErrors (0ms)
				InitializePlatformSupportModulesInManaged (14ms)
				SetLoadedEditorAssemblies (1ms)
				RefreshPlugins (1ms)
				BeforeProcessingInitializeOnLoad (68ms)
				ProcessInitializeOnLoadAttributes (285ms)
				ProcessInitializeOnLoadMethodAttributes (27ms)
				AfterProcessingInitializeOnLoad (4ms)
				EditorAssembliesLoaded (0ms)
			ExecutionOrderSort2 (0ms)
			AwakeInstancesAfterBackupRestoration (9ms)
Platform modules already initialized, skipping
Refreshing native plugins compatible for Editor in 1.13 ms, found 3 plugins.
Preloading 0 native plugins for Editor in 0.00 ms.
Unloading 3233 Unused Serialized files (Serialized files now loaded: 0)
Unloading 19 unused Assets / (496.5 KB). Loaded Objects now: 3772.
Memory consumption went from 144.2 MB to 143.8 MB.
Total: 3.583400 ms (FindLiveObjects: 0.308000 ms CreateObjectMapping: 0.218200 ms MarkObjects: 2.702700 ms  DeleteObjects: 0.353000 ms)

AssetImportParameters requested are different than current active one (requested -> active):
  custom:video-decoder-ogg-theora: a1e56fd34408186e4bbccfd4996cb3dc -> 
  custom:container-muxer-webm: aa71ff27fc2769a1b78a27578f13a17b -> 
  custom:container-demuxer-webm: 4f35f7cbe854078d1ac9338744f61a02 -> 
  custom:video-encoder-webm-vp8: eb34c28f22e8b96e1ab97ce403110664 -> 
  custom:audio-encoder-webm-vorbis: bf7c407c2cedff20999df2af8eb42d56 -> 
  custom:framework-win-MediaFoundation: 216162199b28c13a410421893ffa2e32 -> 
  custom:container-demuxer-ogg: 62fdf1f143b41e24485cea50d1cbac27 -> 
  custom:video-decoder-webm-vp8: 9c59270c3fd7afecdb556c50c9e8de78 -> 
  custom:audio-decoder-ogg-vorbis: bf7c407c2cedff20999df2af8eb42d56 -> 
========================================================================
Received Prepare
Registering precompiled user dll's ...
Registered in 0.006011 seconds.
Begin MonoManager ReloadAssembly
Symbol file LoadedFromMemory doesn't match image G:\OldWindows\Public\Documents\Unity Projects\Game Jam Project\Library\PackageCache\com.unity.visualscripting@1.7.6\Editor\VisualScripting.Core\Dependencies\YamlDotNet\Unity.VisualScripting.YamlDotNet.dll
Symbol file LoadedFromMemory is not a mono symbol file
Symbol file LoadedFromMemory doesn't match image G:\OldWindows\Public\Documents\Unity Projects\Game Jam Project\Library\PackageCache\com.unity.visualscripting@1.7.6\Editor\VisualScripting.Core\Dependencies\DotNetZip\Unity.VisualScripting.IonicZip.dll
Native extension for WindowsStandalone target not found
Refreshing native plugins compatible for Editor in 0.57 ms, found 3 plugins.
Preloading 0 native plugins for Editor in 0.00 ms.
Mono: successfully reloaded assembly
- Completed reload, in  1.272 seconds
Domain Reload Profiling:
	ReloadAssembly (1273ms)
		BeginReloadAssembly (175ms)
			ExecutionOrderSort (0ms)
			DisableScriptedObjects (7ms)
			BackupInstance (0ms)
			ReleaseScriptingObjects (0ms)
			CreateAndSetChildDomain (47ms)
		EndReloadAssembly (952ms)
			LoadAssemblies (121ms)
			RebuildTransferFunctionScriptingTraits (0ms)
			SetupTypeCache (342ms)
			ReleaseScriptCaches (2ms)
			RebuildScriptCaches (57ms)
			SetupLoadedEditorAssemblies (398ms)
				LogAssemblyErrors (0ms)
				InitializePlatformSupportModulesInManaged (15ms)
				SetLoadedEditorAssemblies (1ms)
				RefreshPlugins (1ms)
				BeforeProcessingInitializeOnLoad (75ms)
				ProcessInitializeOnLoadAttributes (276ms)
				ProcessInitializeOnLoadMethodAttributes (27ms)
				AfterProcessingInitializeOnLoad (4ms)
				EditorAssembliesLoaded (0ms)
			ExecutionOrderSort2 (0ms)
			AwakeInstancesAfterBackupRestoration (8ms)
Platform modules already initialized, skipping
Refreshing native plugins compatible for Editor in 1.01 ms, found 3 plugins.
Preloading 0 native plugins for Editor in 0.00 ms.
Unloading 3233 Unused Serialized files (Serialized files now loaded: 0)
Unloading 19 unused Assets / (496.6 KB). Loaded Objects now: 3775.
Memory consumption went from 144.3 MB to 143.8 MB.
Total: 4.300000 ms (FindLiveObjects: 0.323100 ms CreateObjectMapping: 0.252500 ms MarkObjects: 3.285500 ms  DeleteObjects: 0.437100 ms)

AssetImportParameters requested are different than current active one (requested -> active):
  custom:video-decoder-ogg-theora: a1e56fd34408186e4bbccfd4996cb3dc -> 
  custom:container-muxer-webm: aa71ff27fc2769a1b78a27578f13a17b -> 
  custom:container-demuxer-webm: 4f35f7cbe854078d1ac9338744f61a02 -> 
  custom:video-encoder-webm-vp8: eb34c28f22e8b96e1ab97ce403110664 -> 
  custom:audio-encoder-webm-vorbis: bf7c407c2cedff20999df2af8eb42d56 -> 
  custom:framework-win-MediaFoundation: 216162199b28c13a410421893ffa2e32 -> 
  custom:container-demuxer-ogg: 62fdf1f143b41e24485cea50d1cbac27 -> 
  custom:video-decoder-webm-vp8: 9c59270c3fd7afecdb556c50c9e8de78 -> 
  custom:audio-decoder-ogg-vorbis: bf7c407c2cedff20999df2af8eb42d56 -> 
========================================================================
Received Import Request.
  Time since last request: 100.839634 seconds.
  path: Assets/Models/Zombie Variant.prefab
  artifactKey: Guid(d84510452ad9c5d41ba75de764ce4a95) Importer(815301076,1909f56bfc062723c751e8b465ee728b)
Start importing Assets/Models/Zombie Variant.prefab using Guid(d84510452ad9c5d41ba75de764ce4a95) Importer(815301076,1909f56bfc062723c751e8b465ee728b)  -> (artifact id: 'ed9139dca88dde7a7982f300c79aa729') in 0.124368 seconds 
========================================================================
Received Import Request.
  Time since last request: 194.001854 seconds.
  path: Assets/Michael Fraser  Underworld Timelimit Music.mp3
  artifactKey: Guid(71d3ae68294da4dff8380b86bac120f1) Importer(815301076,1909f56bfc062723c751e8b465ee728b)
Start importing Assets/Michael Fraser  Underworld Timelimit Music.mp3 using Guid(71d3ae68294da4dff8380b86bac120f1) Importer(815301076,1909f56bfc062723c751e8b465ee728b)  -> (artifact id: '79478a4c814be30f0257ef4cea774406') in 0.029000 seconds 
========================================================================
Received Import Request.
  Time since last request: 7.141103 seconds.
  path: Assets/TextMesh Pro
  artifactKey: Guid(f54d1bd14bd3ca042bd867b519fee8cc) Importer(815301076,1909f56bfc062723c751e8b465ee728b)
Start importing Assets/TextMesh Pro using Guid(f54d1bd14bd3ca042bd867b519fee8cc) Importer(815301076,1909f56bfc062723c751e8b465ee728b)  -> (artifact id: 'f5648c5ef36b7beab651a001a8d08867') in 0.030959 seconds 
========================================================================
Received Import Request.
  Time since last request: 197.624978 seconds.
  path: Assets/Sword Attack Music Pack 1.0
  artifactKey: Guid(7228d2cdc837e714184f8f32a4bc1fa5) Importer(815301076,1909f56bfc062723c751e8b465ee728b)
Start importing Assets/Sword Attack Music Pack 1.0 using Guid(7228d2cdc837e714184f8f32a4bc1fa5) Importer(815301076,1909f56bfc062723c751e8b465ee728b)  -> (artifact id: 'dca17a1c190a6ca03d953964a3e58ac1') in 0.015647 seconds 
========================================================================
Received Import Request.
  Time since last request: 0.046998 seconds.
  path: Assets/Sword Attack Music Pack 1.0/Death Is The Answer.MP3
  artifactKey: Guid(cfcca7400268d0d418646d3306c52eb1) Importer(815301076,1909f56bfc062723c751e8b465ee728b)
Start importing Assets/Sword Attack Music Pack 1.0/Death Is The Answer.MP3 using Guid(cfcca7400268d0d418646d3306c52eb1) Importer(815301076,1909f56bfc062723c751e8b465ee728b)  -> (artifact id: 'f0507e6715f0a5388c24b3ad8cb41829') in 0.023353 seconds 
========================================================================
Received Import Request.
  Time since last request: 0.000021 seconds.
  path: Assets/Sword Attack Music Pack 1.0/Homecoming.MP3
  artifactKey: Guid(1ec2652b77fd5314ba5b68eee311d0fa) Importer(815301076,1909f56bfc062723c751e8b465ee728b)
Start importing Assets/Sword Attack Music Pack 1.0/Homecoming.MP3 using Guid(1ec2652b77fd5314ba5b68eee311d0fa) Importer(815301076,1909f56bfc062723c751e8b465ee728b)  -> (artifact id: 'cc3b859eac84f15d96d07e2a48902ddf') in 0.023181 seconds 
========================================================================
Received Import Request.
  Time since last request: 0.000035 seconds.
  path: Assets/Sword Attack Music Pack 1.0/Step By Step.MP3
  artifactKey: Guid(34dc4a59e7eafa745bff89bbeb02da56) Importer(815301076,1909f56bfc062723c751e8b465ee728b)
Start importing Assets/Sword Attack Music Pack 1.0/Step By Step.MP3 using Guid(34dc4a59e7eafa745bff89bbeb02da56) Importer(815301076,1909f56bfc062723c751e8b465ee728b)  -> (artifact id: 'fd0092f32386af01c38b37b8fa7e8fd0') in 0.049723 seconds 
========================================================================
Received Import Request.
  Time since last request: 0.000043 seconds.
  path: Assets/Sword Attack Music Pack 1.0/The Chosen One.MP3
  artifactKey: Guid(fd9eb25db40bf2545af317758fc79b41) Importer(815301076,1909f56bfc062723c751e8b465ee728b)
Start importing Assets/Sword Attack Music Pack 1.0/The Chosen One.MP3 using Guid(fd9eb25db40bf2545af317758fc79b41) Importer(815301076,1909f56bfc062723c751e8b465ee728b)  -> (artifact id: '9c4eead4dbf64a569639d4716b77e2b2') in 0.025736 seconds 
========================================================================
Received Prepare
Registering precompiled user dll's ...
Registered in 0.006375 seconds.
Begin MonoManager ReloadAssembly
Symbol file LoadedFromMemory doesn't match image G:\OldWindows\Public\Documents\Unity Projects\Game Jam Project\Library\PackageCache\com.unity.visualscripting@1.7.6\Editor\VisualScripting.Core\Dependencies\YamlDotNet\Unity.VisualScripting.YamlDotNet.dll
Symbol file LoadedFromMemory is not a mono symbol file
Symbol file LoadedFromMemory doesn't match image G:\OldWindows\Public\Documents\Unity Projects\Game Jam Project\Library\PackageCache\com.unity.visualscripting@1.7.6\Editor\VisualScripting.Core\Dependencies\DotNetZip\Unity.VisualScripting.IonicZip.dll
Native extension for WindowsStandalone target not found
Refreshing native plugins compatible for Editor in 0.60 ms, found 3 plugins.
Preloading 0 native plugins for Editor in 0.00 ms.
Mono: successfully reloaded assembly
- Completed reload, in  1.357 seconds
Domain Reload Profiling:
	ReloadAssembly (1358ms)
		BeginReloadAssembly (203ms)
			ExecutionOrderSort (0ms)
			DisableScriptedObjects (9ms)
			BackupInstance (0ms)
			ReleaseScriptingObjects (0ms)
			CreateAndSetChildDomain (50ms)
		EndReloadAssembly (1036ms)
			LoadAssemblies (144ms)
			RebuildTransferFunctionScriptingTraits (0ms)
			SetupTypeCache (380ms)
			ReleaseScriptCaches (2ms)
			RebuildScriptCaches (60ms)
			SetupLoadedEditorAssemblies (405ms)
				LogAssemblyErrors (0ms)
				InitializePlatformSupportModulesInManaged (14ms)
				SetLoadedEditorAssemblies (1ms)
				RefreshPlugins (1ms)
				BeforeProcessingInitializeOnLoad (84ms)
				ProcessInitializeOnLoadAttributes (263ms)
				ProcessInitializeOnLoadMethodAttributes (37ms)
				AfterProcessingInitializeOnLoad (5ms)
				EditorAssembliesLoaded (0ms)
			ExecutionOrderSort2 (0ms)
			AwakeInstancesAfterBackupRestoration (12ms)
Platform modules already initialized, skipping
Refreshing native plugins compatible for Editor in 0.68 ms, found 3 plugins.
Preloading 0 native plugins for Editor in 0.00 ms.
Unloading 3233 Unused Serialized files (Serialized files now loaded: 0)
Unloading 19 unused Assets / (488.7 KB). Loaded Objects now: 3778.
Memory consumption went from 144.3 MB to 143.8 MB.
Total: 3.660400 ms (FindLiveObjects: 0.368100 ms CreateObjectMapping: 0.252500 ms MarkObjects: 2.680800 ms  DeleteObjects: 0.357600 ms)

AssetImportParameters requested are different than current active one (requested -> active):
  custom:video-decoder-ogg-theora: a1e56fd34408186e4bbccfd4996cb3dc -> 
  custom:container-muxer-webm: aa71ff27fc2769a1b78a27578f13a17b -> 
  custom:container-demuxer-webm: 4f35f7cbe854078d1ac9338744f61a02 -> 
  custom:video-encoder-webm-vp8: eb34c28f22e8b96e1ab97ce403110664 -> 
  custom:audio-encoder-webm-vorbis: bf7c407c2cedff20999df2af8eb42d56 -> 
  custom:framework-win-MediaFoundation: 216162199b28c13a410421893ffa2e32 -> 
  custom:container-demuxer-ogg: 62fdf1f143b41e24485cea50d1cbac27 -> 
  custom:video-decoder-webm-vp8: 9c59270c3fd7afecdb556c50c9e8de78 -> 
  custom:audio-decoder-ogg-vorbis: bf7c407c2cedff20999df2af8eb42d56 -> 
========================================================================
Received Import Request.
  Time since last request: 106.319390 seconds.
  path: Assets/Scripts/ZombieAI.cs
  artifactKey: Guid(46fbcf43fdabf7f4a8e6fc2c9c685958) Importer(815301076,1909f56bfc062723c751e8b465ee728b)
Start importing Assets/Scripts/ZombieAI.cs using Guid(46fbcf43fdabf7f4a8e6fc2c9c685958) Importer(815301076,1909f56bfc062723c751e8b465ee728b)  -> (artifact id: 'b60bb77c11e8654eb4ba4dd731103bb0') in 0.034044 seconds 
========================================================================
Received Import Request.
  Time since last request: 142.440698 seconds.
  path: Assets/Scripts/ZombieAI.cs
  artifactKey: Guid(46fbcf43fdabf7f4a8e6fc2c9c685958) Importer(815301076,1909f56bfc062723c751e8b465ee728b)
Start importing Assets/Scripts/ZombieAI.cs using Guid(46fbcf43fdabf7f4a8e6fc2c9c685958) Importer(815301076,1909f56bfc062723c751e8b465ee728b)  -> (artifact id: 'daa33f5d04bd27ddac1d99dbea870bcb') in 0.004488 seconds 
========================================================================
Received Prepare
Registering precompiled user dll's ...
Registered in 0.006064 seconds.
Begin MonoManager ReloadAssembly
Symbol file LoadedFromMemory doesn't match image G:\OldWindows\Public\Documents\Unity Projects\Game Jam Project\Library\PackageCache\com.unity.visualscripting@1.7.6\Editor\VisualScripting.Core\Dependencies\YamlDotNet\Unity.VisualScripting.YamlDotNet.dll
Symbol file LoadedFromMemory is not a mono symbol file
Symbol file LoadedFromMemory doesn't match image G:\OldWindows\Public\Documents\Unity Projects\Game Jam Project\Library\PackageCache\com.unity.visualscripting@1.7.6\Editor\VisualScripting.Core\Dependencies\DotNetZip\Unity.VisualScripting.IonicZip.dll
Native extension for WindowsStandalone target not found
Refreshing native plugins compatible for Editor in 0.96 ms, found 3 plugins.
Preloading 0 native plugins for Editor in 0.00 ms.
Mono: successfully reloaded assembly
- Completed reload, in  1.369 seconds
Domain Reload Profiling:
	ReloadAssembly (1370ms)
		BeginReloadAssembly (183ms)
			ExecutionOrderSort (0ms)
			DisableScriptedObjects (10ms)
			BackupInstance (0ms)
			ReleaseScriptingObjects (0ms)
			CreateAndSetChildDomain (47ms)
		EndReloadAssembly (1058ms)
			LoadAssemblies (126ms)
			RebuildTransferFunctionScriptingTraits (0ms)
			SetupTypeCache (368ms)
			ReleaseScriptCaches (2ms)
			RebuildScriptCaches (56ms)
			SetupLoadedEditorAssemblies (443ms)
				LogAssemblyErrors (0ms)
				InitializePlatformSupportModulesInManaged (20ms)
				SetLoadedEditorAssemblies (1ms)
				RefreshPlugins (1ms)
				BeforeProcessingInitializeOnLoad (96ms)
				ProcessInitializeOnLoadAttributes (291ms)
				ProcessInitializeOnLoadMethodAttributes (28ms)
				AfterProcessingInitializeOnLoad (4ms)
				EditorAssembliesLoaded (0ms)
			ExecutionOrderSort2 (0ms)
			AwakeInstancesAfterBackupRestoration (9ms)
Platform modules already initialized, skipping
Refreshing native plugins compatible for Editor in 1.24 ms, found 3 plugins.
Preloading 0 native plugins for Editor in 0.00 ms.
Unloading 3233 Unused Serialized files (Serialized files now loaded: 0)
Unloading 19 unused Assets / (496.3 KB). Loaded Objects now: 3781.
Memory consumption went from 144.3 MB to 143.8 MB.
Total: 5.381100 ms (FindLiveObjects: 0.551400 ms CreateObjectMapping: 0.427500 ms MarkObjects: 3.975200 ms  DeleteObjects: 0.424900 ms)

AssetImportParameters requested are different than current active one (requested -> active):
  custom:video-decoder-ogg-theora: a1e56fd34408186e4bbccfd4996cb3dc -> 
  custom:container-muxer-webm: aa71ff27fc2769a1b78a27578f13a17b -> 
  custom:container-demuxer-webm: 4f35f7cbe854078d1ac9338744f61a02 -> 
  custom:video-encoder-webm-vp8: eb34c28f22e8b96e1ab97ce403110664 -> 
  custom:audio-encoder-webm-vorbis: bf7c407c2cedff20999df2af8eb42d56 -> 
  custom:framework-win-MediaFoundation: 216162199b28c13a410421893ffa2e32 -> 
  custom:container-demuxer-ogg: 62fdf1f143b41e24485cea50d1cbac27 -> 
  custom:video-decoder-webm-vp8: 9c59270c3fd7afecdb556c50c9e8de78 -> 
  custom:audio-decoder-ogg-vorbis: bf7c407c2cedff20999df2af8eb42d56 -> 
========================================================================
Received Prepare
Registering precompiled user dll's ...
Registered in 0.005693 seconds.
Begin MonoManager ReloadAssembly
Symbol file LoadedFromMemory doesn't match image G:\OldWindows\Public\Documents\Unity Projects\Game Jam Project\Library\PackageCache\com.unity.visualscripting@1.7.6\Editor\VisualScripting.Core\Dependencies\YamlDotNet\Unity.VisualScripting.YamlDotNet.dll
Symbol file LoadedFromMemory is not a mono symbol file
Symbol file LoadedFromMemory doesn't match image G:\OldWindows\Public\Documents\Unity Projects\Game Jam Project\Library\PackageCache\com.unity.visualscripting@1.7.6\Editor\VisualScripting.Core\Dependencies\DotNetZip\Unity.VisualScripting.IonicZip.dll
Native extension for WindowsStandalone target not found
Refreshing native plugins compatible for Editor in 1.30 ms, found 3 plugins.
Preloading 0 native plugins for Editor in 0.00 ms.
Mono: successfully reloaded assembly
- Completed reload, in  1.434 seconds
Domain Reload Profiling:
	ReloadAssembly (1435ms)
		BeginReloadAssembly (191ms)
			ExecutionOrderSort (0ms)
			DisableScriptedObjects (11ms)
			BackupInstance (0ms)
			ReleaseScriptingObjects (0ms)
			CreateAndSetChildDomain (47ms)
		EndReloadAssembly (1104ms)
			LoadAssemblies (132ms)
			RebuildTransferFunctionScriptingTraits (0ms)
			SetupTypeCache (391ms)
			ReleaseScriptCaches (1ms)
			RebuildScriptCaches (63ms)
			SetupLoadedEditorAssemblies (452ms)
				LogAssemblyErrors (0ms)
				InitializePlatformSupportModulesInManaged (17ms)
				SetLoadedEditorAssemblies (1ms)
				RefreshPlugins (1ms)
				BeforeProcessingInitializeOnLoad (79ms)
				ProcessInitializeOnLoadAttributes (310ms)
				ProcessInitializeOnLoadMethodAttributes (37ms)
				AfterProcessingInitializeOnLoad (7ms)
				EditorAssembliesLoaded (0ms)
			ExecutionOrderSort2 (0ms)
			AwakeInstancesAfterBackupRestoration (9ms)
Platform modules already initialized, skipping
Refreshing native plugins compatible for Editor in 1.59 ms, found 3 plugins.
Preloading 0 native plugins for Editor in 0.00 ms.
Unloading 3233 Unused Serialized files (Serialized files now loaded: 0)
Unloading 19 unused Assets / (496.6 KB). Loaded Objects now: 3784.
Memory consumption went from 144.3 MB to 143.8 MB.
Total: 9.750800 ms (FindLiveObjects: 0.617700 ms CreateObjectMapping: 0.581000 ms MarkObjects: 7.792500 ms  DeleteObjects: 0.757700 ms)

AssetImportParameters requested are different than current active one (requested -> active):
  custom:video-decoder-ogg-theora: a1e56fd34408186e4bbccfd4996cb3dc -> 
  custom:container-muxer-webm: aa71ff27fc2769a1b78a27578f13a17b -> 
  custom:container-demuxer-webm: 4f35f7cbe854078d1ac9338744f61a02 -> 
  custom:video-encoder-webm-vp8: eb34c28f22e8b96e1ab97ce403110664 -> 
  custom:audio-encoder-webm-vorbis: bf7c407c2cedff20999df2af8eb42d56 -> 
  custom:framework-win-MediaFoundation: 216162199b28c13a410421893ffa2e32 -> 
  custom:container-demuxer-ogg: 62fdf1f143b41e24485cea50d1cbac27 -> 
  custom:video-decoder-webm-vp8: 9c59270c3fd7afecdb556c50c9e8de78 -> 
  custom:audio-decoder-ogg-vorbis: bf7c407c2cedff20999df2af8eb42d56 -> 
========================================================================
Received Import Request.
  Time since last request: 114.865711 seconds.
  path: Assets/Scripts/ZombieAI.cs
  artifactKey: Guid(46fbcf43fdabf7f4a8e6fc2c9c685958) Importer(815301076,1909f56bfc062723c751e8b465ee728b)
Start importing Assets/Scripts/ZombieAI.cs using Guid(46fbcf43fdabf7f4a8e6fc2c9c685958) Importer(815301076,1909f56bfc062723c751e8b465ee728b)  -> (artifact id: '640797c6f08e93724bfeef516114ba73') in 0.010019 seconds 
========================================================================
Received Prepare
Registering precompiled user dll's ...
Registered in 0.006928 seconds.
Begin MonoManager ReloadAssembly
Symbol file LoadedFromMemory doesn't match image G:\OldWindows\Public\Documents\Unity Projects\Game Jam Project\Library\PackageCache\com.unity.visualscripting@1.7.6\Editor\VisualScripting.Core\Dependencies\YamlDotNet\Unity.VisualScripting.YamlDotNet.dll
Symbol file LoadedFromMemory is not a mono symbol file
Symbol file LoadedFromMemory doesn't match image G:\OldWindows\Public\Documents\Unity Projects\Game Jam Project\Library\PackageCache\com.unity.visualscripting@1.7.6\Editor\VisualScripting.Core\Dependencies\DotNetZip\Unity.VisualScripting.IonicZip.dll
Native extension for WindowsStandalone target not found
Refreshing native plugins compatible for Editor in 0.95 ms, found 3 plugins.
Preloading 0 native plugins for Editor in 0.00 ms.
Mono: successfully reloaded assembly
- Completed reload, in  1.340 seconds
Domain Reload Profiling:
	ReloadAssembly (1340ms)
		BeginReloadAssembly (202ms)
			ExecutionOrderSort (0ms)
			DisableScriptedObjects (10ms)
			BackupInstance (0ms)
			ReleaseScriptingObjects (0ms)
			CreateAndSetChildDomain (51ms)
		EndReloadAssembly (1019ms)
			LoadAssemblies (135ms)
			RebuildTransferFunctionScriptingTraits (0ms)
			SetupTypeCache (361ms)
			ReleaseScriptCaches (2ms)
			RebuildScriptCaches (58ms)
			SetupLoadedEditorAssemblies (424ms)
				LogAssemblyErrors (0ms)
				InitializePlatformSupportModulesInManaged (21ms)
				SetLoadedEditorAssemblies (1ms)
				RefreshPlugins (1ms)
				BeforeProcessingInitializeOnLoad (93ms)
				ProcessInitializeOnLoadAttributes (270ms)
				ProcessInitializeOnLoadMethodAttributes (34ms)
				AfterProcessingInitializeOnLoad (5ms)
				EditorAssembliesLoaded (0ms)
			ExecutionOrderSort2 (0ms)
			AwakeInstancesAfterBackupRestoration (8ms)
Platform modules already initialized, skipping
Refreshing native plugins compatible for Editor in 0.84 ms, found 3 plugins.
Preloading 0 native plugins for Editor in 0.00 ms.
Unloading 3233 Unused Serialized files (Serialized files now loaded: 0)
Unloading 19 unused Assets / (496.5 KB). Loaded Objects now: 3787.
Memory consumption went from 144.3 MB to 143.8 MB.
Total: 3.690200 ms (FindLiveObjects: 0.327600 ms CreateObjectMapping: 0.232600 ms MarkObjects: 2.786000 ms  DeleteObjects: 0.342900 ms)

AssetImportParameters requested are different than current active one (requested -> active):
  custom:video-decoder-ogg-theora: a1e56fd34408186e4bbccfd4996cb3dc -> 
  custom:container-muxer-webm: aa71ff27fc2769a1b78a27578f13a17b -> 
  custom:container-demuxer-webm: 4f35f7cbe854078d1ac9338744f61a02 -> 
  custom:video-encoder-webm-vp8: eb34c28f22e8b96e1ab97ce403110664 -> 
  custom:audio-encoder-webm-vorbis: bf7c407c2cedff20999df2af8eb42d56 -> 
  custom:framework-win-MediaFoundation: 216162199b28c13a410421893ffa2e32 -> 
  custom:container-demuxer-ogg: 62fdf1f143b41e24485cea50d1cbac27 -> 
  custom:video-decoder-webm-vp8: 9c59270c3fd7afecdb556c50c9e8de78 -> 
  custom:audio-decoder-ogg-vorbis: bf7c407c2cedff20999df2af8eb42d56 -> 
========================================================================
Received Prepare
Registering precompiled user dll's ...
Registered in 0.006724 seconds.
Begin MonoManager ReloadAssembly
Symbol file LoadedFromMemory doesn't match image G:\OldWindows\Public\Documents\Unity Projects\Game Jam Project\Library\PackageCache\com.unity.visualscripting@1.7.6\Editor\VisualScripting.Core\Dependencies\YamlDotNet\Unity.VisualScripting.YamlDotNet.dll
Symbol file LoadedFromMemory is not a mono symbol file
Symbol file LoadedFromMemory doesn't match image G:\OldWindows\Public\Documents\Unity Projects\Game Jam Project\Library\PackageCache\com.unity.visualscripting@1.7.6\Editor\VisualScripting.Core\Dependencies\DotNetZip\Unity.VisualScripting.IonicZip.dll
Native extension for WindowsStandalone target not found
Refreshing native plugins compatible for Editor in 0.60 ms, found 3 plugins.
Preloading 0 native plugins for Editor in 0.00 ms.
Mono: successfully reloaded assembly
- Completed reload, in  1.297 seconds
Domain Reload Profiling:
	ReloadAssembly (1298ms)
		BeginReloadAssembly (173ms)
			ExecutionOrderSort (0ms)
			DisableScriptedObjects (8ms)
			BackupInstance (0ms)
			ReleaseScriptingObjects (0ms)
			CreateAndSetChildDomain (50ms)
		EndReloadAssembly (1010ms)
			LoadAssemblies (120ms)
			RebuildTransferFunctionScriptingTraits (0ms)
			SetupTypeCache (346ms)
			ReleaseScriptCaches (2ms)
			RebuildScriptCaches (54ms)
			SetupLoadedEditorAssemblies (433ms)
				LogAssemblyErrors (0ms)
				InitializePlatformSupportModulesInManaged (16ms)
				SetLoadedEditorAssemblies (1ms)
				RefreshPlugins (1ms)
				BeforeProcessingInitializeOnLoad (73ms)
				ProcessInitializeOnLoadAttributes (307ms)
				ProcessInitializeOnLoadMethodAttributes (30ms)
				AfterProcessingInitializeOnLoad (5ms)
				EditorAssembliesLoaded (0ms)
			ExecutionOrderSort2 (0ms)
			AwakeInstancesAfterBackupRestoration (9ms)
Platform modules already initialized, skipping
Refreshing native plugins compatible for Editor in 1.07 ms, found 3 plugins.
Preloading 0 native plugins for Editor in 0.00 ms.
Unloading 3233 Unused Serialized files (Serialized files now loaded: 0)
Unloading 19 unused Assets / (496.5 KB). Loaded Objects now: 3790.
Memory consumption went from 144.3 MB to 143.8 MB.
Total: 5.273100 ms (FindLiveObjects: 0.470000 ms CreateObjectMapping: 0.423500 ms MarkObjects: 3.987300 ms  DeleteObjects: 0.390300 ms)

AssetImportParameters requested are different than current active one (requested -> active):
  custom:video-decoder-ogg-theora: a1e56fd34408186e4bbccfd4996cb3dc -> 
  custom:container-muxer-webm: aa71ff27fc2769a1b78a27578f13a17b -> 
  custom:container-demuxer-webm: 4f35f7cbe854078d1ac9338744f61a02 -> 
  custom:video-encoder-webm-vp8: eb34c28f22e8b96e1ab97ce403110664 -> 
  custom:audio-encoder-webm-vorbis: bf7c407c2cedff20999df2af8eb42d56 -> 
  custom:framework-win-MediaFoundation: 216162199b28c13a410421893ffa2e32 -> 
  custom:container-demuxer-ogg: 62fdf1f143b41e24485cea50d1cbac27 -> 
  custom:video-decoder-webm-vp8: 9c59270c3fd7afecdb556c50c9e8de78 -> 
  custom:audio-decoder-ogg-vorbis: bf7c407c2cedff20999df2af8eb42d56 -> 
========================================================================
Received Import Request.
  Time since last request: 87.269366 seconds.
  path: Assets/Scripts/ZombieAI.cs
  artifactKey: Guid(46fbcf43fdabf7f4a8e6fc2c9c685958) Importer(815301076,1909f56bfc062723c751e8b465ee728b)
Start importing Assets/Scripts/ZombieAI.cs using Guid(46fbcf43fdabf7f4a8e6fc2c9c685958) Importer(815301076,1909f56bfc062723c751e8b465ee728b)  -> (artifact id: '33011ac44f252e860a6ae42e7264a747') in 0.010925 seconds 
========================================================================
Received Prepare
Registering precompiled user dll's ...
Registered in 0.007469 seconds.
Begin MonoManager ReloadAssembly
Symbol file LoadedFromMemory doesn't match image G:\OldWindows\Public\Documents\Unity Projects\Game Jam Project\Library\PackageCache\com.unity.visualscripting@1.7.6\Editor\VisualScripting.Core\Dependencies\YamlDotNet\Unity.VisualScripting.YamlDotNet.dll
Symbol file LoadedFromMemory is not a mono symbol file
Symbol file LoadedFromMemory doesn't match image G:\OldWindows\Public\Documents\Unity Projects\Game Jam Project\Library\PackageCache\com.unity.visualscripting@1.7.6\Editor\VisualScripting.Core\Dependencies\DotNetZip\Unity.VisualScripting.IonicZip.dll
Native extension for WindowsStandalone target not found
Refreshing native plugins compatible for Editor in 0.77 ms, found 3 plugins.
Preloading 0 native plugins for Editor in 0.00 ms.
Mono: successfully reloaded assembly
- Completed reload, in  1.351 seconds
Domain Reload Profiling:
	ReloadAssembly (1352ms)
		BeginReloadAssembly (197ms)
			ExecutionOrderSort (0ms)
			DisableScriptedObjects (11ms)
			BackupInstance (0ms)
			ReleaseScriptingObjects (0ms)
			CreateAndSetChildDomain (47ms)
		EndReloadAssembly (1032ms)
			LoadAssemblies (131ms)
			RebuildTransferFunctionScriptingTraits (0ms)
			SetupTypeCache (329ms)
			ReleaseScriptCaches (2ms)
			RebuildScriptCaches (59ms)
			SetupLoadedEditorAssemblies (456ms)
				LogAssemblyErrors (0ms)
				InitializePlatformSupportModulesInManaged (14ms)
				SetLoadedEditorAssemblies (1ms)
				RefreshPlugins (1ms)
				BeforeProcessingInitializeOnLoad (94ms)
				ProcessInitializeOnLoadAttributes (310ms)
				ProcessInitializeOnLoadMethodAttributes (32ms)
				AfterProcessingInitializeOnLoad (4ms)
				EditorAssembliesLoaded (0ms)
			ExecutionOrderSort2 (0ms)
			AwakeInstancesAfterBackupRestoration (10ms)
Platform modules already initialized, skipping
Refreshing native plugins compatible for Editor in 0.70 ms, found 3 plugins.
Preloading 0 native plugins for Editor in 0.00 ms.
Unloading 3233 Unused Serialized files (Serialized files now loaded: 0)
Unloading 19 unused Assets / (496.5 KB). Loaded Objects now: 3793.
Memory consumption went from 144.3 MB to 143.8 MB.
Total: 4.067700 ms (FindLiveObjects: 0.375300 ms CreateObjectMapping: 0.206800 ms MarkObjects: 3.117500 ms  DeleteObjects: 0.367000 ms)

AssetImportParameters requested are different than current active one (requested -> active):
  custom:video-decoder-ogg-theora: a1e56fd34408186e4bbccfd4996cb3dc -> 
  custom:container-muxer-webm: aa71ff27fc2769a1b78a27578f13a17b -> 
  custom:container-demuxer-webm: 4f35f7cbe854078d1ac9338744f61a02 -> 
  custom:video-encoder-webm-vp8: eb34c28f22e8b96e1ab97ce403110664 -> 
  custom:audio-encoder-webm-vorbis: bf7c407c2cedff20999df2af8eb42d56 -> 
  custom:framework-win-MediaFoundation: 216162199b28c13a410421893ffa2e32 -> 
  custom:container-demuxer-ogg: 62fdf1f143b41e24485cea50d1cbac27 -> 
  custom:video-decoder-webm-vp8: 9c59270c3fd7afecdb556c50c9e8de78 -> 
  custom:audio-decoder-ogg-vorbis: bf7c407c2cedff20999df2af8eb42d56 -> 
========================================================================
Received Prepare
Registering precompiled user dll's ...
Registered in 0.005589 seconds.
Begin MonoManager ReloadAssembly
Symbol file LoadedFromMemory doesn't match image G:\OldWindows\Public\Documents\Unity Projects\Game Jam Project\Library\PackageCache\com.unity.visualscripting@1.7.6\Editor\VisualScripting.Core\Dependencies\YamlDotNet\Unity.VisualScripting.YamlDotNet.dll
Symbol file LoadedFromMemory is not a mono symbol file
Symbol file LoadedFromMemory doesn't match image G:\OldWindows\Public\Documents\Unity Projects\Game Jam Project\Library\PackageCache\com.unity.visualscripting@1.7.6\Editor\VisualScripting.Core\Dependencies\DotNetZip\Unity.VisualScripting.IonicZip.dll
Native extension for WindowsStandalone target not found
Refreshing native plugins compatible for Editor in 0.61 ms, found 3 plugins.
Preloading 0 native plugins for Editor in 0.00 ms.
Mono: successfully reloaded assembly
- Completed reload, in  1.305 seconds
Domain Reload Profiling:
	ReloadAssembly (1306ms)
		BeginReloadAssembly (173ms)
			ExecutionOrderSort (0ms)
			DisableScriptedObjects (8ms)
			BackupInstance (0ms)
			ReleaseScriptingObjects (0ms)
			CreateAndSetChildDomain (43ms)
		EndReloadAssembly (998ms)
			LoadAssemblies (124ms)
			RebuildTransferFunctionScriptingTraits (0ms)
			SetupTypeCache (335ms)
			ReleaseScriptCaches (1ms)
			RebuildScriptCaches (50ms)
			SetupLoadedEditorAssemblies (420ms)
				LogAssemblyErrors (0ms)
				InitializePlatformSupportModulesInManaged (16ms)
				SetLoadedEditorAssemblies (1ms)
				RefreshPlugins (1ms)
				BeforeProcessingInitializeOnLoad (82ms)
				ProcessInitializeOnLoadAttributes (289ms)
				ProcessInitializeOnLoadMethodAttributes (27ms)
				AfterProcessingInitializeOnLoad (4ms)
				EditorAssembliesLoaded (0ms)
			ExecutionOrderSort2 (0ms)
			AwakeInstancesAfterBackupRestoration (10ms)
Platform modules already initialized, skipping
Refreshing native plugins compatible for Editor in 1.10 ms, found 3 plugins.
Preloading 0 native plugins for Editor in 0.00 ms.
Unloading 3233 Unused Serialized files (Serialized files now loaded: 0)
Unloading 19 unused Assets / (496.6 KB). Loaded Objects now: 3796.
Memory consumption went from 144.3 MB to 143.8 MB.
Total: 4.501500 ms (FindLiveObjects: 0.316800 ms CreateObjectMapping: 0.221700 ms MarkObjects: 3.589000 ms  DeleteObjects: 0.372300 ms)

AssetImportParameters requested are different than current active one (requested -> active):
  custom:video-decoder-ogg-theora: a1e56fd34408186e4bbccfd4996cb3dc -> 
  custom:container-muxer-webm: aa71ff27fc2769a1b78a27578f13a17b -> 
  custom:container-demuxer-webm: 4f35f7cbe854078d1ac9338744f61a02 -> 
  custom:video-encoder-webm-vp8: eb34c28f22e8b96e1ab97ce403110664 -> 
  custom:audio-encoder-webm-vorbis: bf7c407c2cedff20999df2af8eb42d56 -> 
  custom:framework-win-MediaFoundation: 216162199b28c13a410421893ffa2e32 -> 
  custom:container-demuxer-ogg: 62fdf1f143b41e24485cea50d1cbac27 -> 
  custom:video-decoder-webm-vp8: 9c59270c3fd7afecdb556c50c9e8de78 -> 
  custom:audio-decoder-ogg-vorbis: bf7c407c2cedff20999df2af8eb42d56 -> 
========================================================================
Received Prepare
Refreshing native plugins compatible for Editor in 4.85 ms, found 3 plugins.
Preloading 0 native plugins for Editor in 0.00 ms.
Unloading 17 Unused Serialized files (Serialized files now loaded: 0)
Unloading 17 unused Assets / (493.9 KB). Loaded Objects now: 3796.
Memory consumption went from 80.0 MB to 79.5 MB.
Total: 6.109600 ms (FindLiveObjects: 0.478200 ms CreateObjectMapping: 0.396200 ms MarkObjects: 4.516100 ms  DeleteObjects: 0.717200 ms)

AssetImportParameters requested are different than current active one (requested -> active):
  custom:video-decoder-ogg-theora: a1e56fd34408186e4bbccfd4996cb3dc -> 
  custom:container-muxer-webm: aa71ff27fc2769a1b78a27578f13a17b -> 
  custom:container-demuxer-webm: 4f35f7cbe854078d1ac9338744f61a02 -> 
  custom:video-encoder-webm-vp8: eb34c28f22e8b96e1ab97ce403110664 -> 
  custom:audio-encoder-webm-vorbis: bf7c407c2cedff20999df2af8eb42d56 -> 
  custom:framework-win-MediaFoundation: 216162199b28c13a410421893ffa2e32 -> 
  custom:container-demuxer-ogg: 62fdf1f143b41e24485cea50d1cbac27 -> 
  custom:video-decoder-webm-vp8: 9c59270c3fd7afecdb556c50c9e8de78 -> 
  custom:audio-decoder-ogg-vorbis: bf7c407c2cedff20999df2af8eb42d56 -> 
